Log file open, 11/15/21 17:30:24
LogWindows: Failed to load 'aqProf.dll' (GetLastError=126)
LogWindows: File 'aqProf.dll' does not exist
LogWindows: Failed to load 'VtuneApi.dll' (GetLastError=126)
LogWindows: File 'VtuneApi.dll' does not exist
LogWindows: Failed to load 'VtuneApi32e.dll' (GetLastError=126)
LogWindows: File 'VtuneApi32e.dll' does not exist
LogConsoleResponse: Display: Failed to find resolution value strings in scalability ini. Falling back to default.
LogConsoleResponse: Display: Failed to find resolution value strings in scalability ini. Falling back to default.
LogInit: Display: Running engine for game: SpacRecreationGame
LogPlatformFile: Not using cached read wrapper
LogTaskGraph: Started task graph with 5 named threads and 47 total threads with 3 sets of task threads.
LogStats: Stats thread started at 0.419815
LogICUInternationalization: ICU TimeZone Detection - Raw Offset: -5:00, Platform Override: ''
LogInit: Display: Loading text-based GConfig....
LogPluginManager: Mounting plugin MeshPainting
LogPluginManager: Mounting plugin XGEController
LogPluginManager: Mounting plugin Paper2D
LogPluginManager: Mounting plugin EnvironmentQueryEditor
LogPluginManager: Mounting plugin LightPropagationVolume
LogPluginManager: Mounting plugin AISupport
LogPluginManager: Mounting plugin CameraShakePreviewer
LogPluginManager: Mounting plugin LiveLink
LogPluginManager: Mounting plugin OodleData
LogPluginManager: Mounting plugin OodleNetwork
LogPluginManager: Mounting plugin GameplayCameras
LogPluginManager: Mounting plugin DatasmithContent
LogPluginManager: Mounting plugin CodeLiteSourceCodeAccess
LogPluginManager: Mounting plugin AnimationSharing
LogPluginManager: Mounting plugin KDevelopSourceCodeAccess
LogPluginManager: Mounting plugin GitSourceControl
LogPluginManager: Mounting plugin CLionSourceCodeAccess
LogPluginManager: Mounting plugin NullSourceCodeAccess
LogPluginManager: Mounting plugin VariantManagerContent
LogPluginManager: Mounting plugin PropertyAccessNode
LogPluginManager: Mounting plugin PerforceSourceControl
LogPluginManager: Mounting plugin PixWinPlugin
LogPluginManager: Mounting plugin PlasticSourceControl
LogPluginManager: Mounting plugin PluginUtils
LogPluginManager: Mounting plugin RiderSourceCodeAccess
LogPluginManager: Mounting plugin LuminPlatformFeatures
LogPluginManager: Mounting plugin XCodeSourceCodeAccess
LogPluginManager: Mounting plugin TextureFormatOodle
LogPluginManager: Mounting plugin SubversionSourceControl
LogPluginManager: Mounting plugin UObjectPlugin
LogPluginManager: Mounting plugin Niagara
LogPluginManager: Mounting plugin VisualStudioCodeSourceCodeAccess
LogPluginManager: Mounting plugin VisualStudioSourceCodeAccess
LogPluginManager: Mounting plugin AssetManagerEditor
LogPluginManager: Mounting plugin MagicLeap
LogPluginManager: Mounting plugin MagicLeapLightEstimation
LogPluginManager: Mounting plugin MagicLeapPassableWorld
LogPluginManager: Mounting plugin MagicLeapMedia
LogPluginManager: Mounting plugin MLSDK
LogPluginManager: Mounting plugin MacGraphicsSwitching
LogPluginManager: Mounting plugin CryptoKeys
LogPluginManager: Mounting plugin CurveEditorTools
LogPluginManager: Mounting plugin DataValidation
LogPluginManager: Mounting plugin GameplayTagsEditor
LogPluginManager: Mounting plugin GeometryMode
LogPluginManager: Mounting plugin FacialAnimation
LogPluginManager: Mounting plugin PluginBrowser
LogPluginManager: Mounting plugin MaterialAnalyzer
LogPluginManager: Mounting plugin MobileLauncherProfileWizard
LogPluginManager: Mounting plugin SpeedTreeImporter
LogPluginManager: Mounting plugin AvfMedia
LogPluginManager: Mounting plugin ActorSequence
LogPluginManager: Mounting plugin LauncherChunkInstaller
LogPluginManager: Mounting plugin AndroidMedia
LogPluginManager: Mounting plugin ImgMedia
LogPluginManager: Mounting plugin MediaCompositing
LogPluginManager: Mounting plugin LevelSequenceEditor
LogPluginManager: Mounting plugin MatineeToLevelSequence
LogPluginManager: Mounting plugin MediaPlayerEditor
LogPluginManager: Mounting plugin TemplateSequence
LogPluginManager: Mounting plugin WebMMedia
LogPluginManager: Mounting plugin WmfMedia
LogPluginManager: Mounting plugin OnlineSubsystem
LogPluginManager: Mounting plugin OnlineSubsystemNull
LogPluginManager: Mounting plugin OnlineSubsystemUtils
LogPluginManager: Mounting plugin TcpMessaging
LogPluginManager: Mounting plugin UdpMessaging
LogPluginManager: Mounting plugin ScreenshotTools
LogPluginManager: Mounting plugin BackChannel
LogPluginManager: Mounting plugin AlembicImporter
LogPluginManager: Mounting plugin AutomationUtils
LogPluginManager: Mounting plugin ChaosCloth
LogPluginManager: Mounting plugin ChaosEditor
LogPluginManager: Mounting plugin CharacterAI
LogPluginManager: Mounting plugin ChaosClothEditor
LogPluginManager: Mounting plugin ChaosSolverPlugin
LogPluginManager: Mounting plugin ChaosNiagara
LogPluginManager: Mounting plugin ActorLayerUtilities
LogPluginManager: Mounting plugin AndroidDeviceProfileSelector
LogPluginManager: Mounting plugin Takes
LogPluginManager: Mounting plugin AndroidMoviePlayer
LogPluginManager: Mounting plugin ArchVisCharacter
LogPluginManager: Mounting plugin AndroidPermission
LogPluginManager: Mounting plugin AppleImageUtils
LogPluginManager: Mounting plugin AppleMoviePlayer
LogPluginManager: Mounting plugin AudioCapture
LogPluginManager: Mounting plugin AssetTags
LogPluginManager: Mounting plugin AudioSynesthesia
LogPluginManager: Mounting plugin ChunkDownloader
LogPluginManager: Mounting plugin CableComponent
LogPluginManager: Mounting plugin EditableMesh
LogPluginManager: Mounting plugin ExampleDeviceProfileSelector
LogPluginManager: Mounting plugin CustomMeshComponent
LogPluginManager: Mounting plugin GeometryCollectionPlugin
LogPluginManager: Mounting plugin GeometryProcessing
LogPluginManager: Mounting plugin GeometryCache
LogPluginManager: Mounting plugin PlanarCut
LogPluginManager: Mounting plugin OpenImageDenoise
LogPluginManager: Mounting plugin MotoSynth
LogPluginManager: Mounting plugin ProxyLODPlugin
LogPluginManager: Mounting plugin PlatformCrypto
LogPluginManager: Mounting plugin PythonScriptPlugin
LogPluginManager: Mounting plugin SkeletalReduction
LogPluginManager: Mounting plugin GooglePAD
LogPluginManager: Mounting plugin GoogleCloudMessaging
LogPluginManager: Mounting plugin LinuxDeviceProfileSelector
LogPluginManager: Mounting plugin IOSDeviceProfileSelector
LogPluginManager: Mounting plugin LocationServicesBPLibrary
LogPluginManager: Mounting plugin MobilePatchingUtils
LogPluginManager: Mounting plugin OpenXR
LogPluginManager: Mounting plugin OpenXREyeTracker
LogPluginManager: Mounting plugin PostSplashScreen
LogPluginManager: Mounting plugin OpenXRHandTracking
LogPluginManager: Mounting plugin PhysXVehicles
LogPluginManager: Mounting plugin SignificanceManager
LogPluginManager: Mounting plugin PropertyAccessEditor
LogPluginManager: Mounting plugin SoundFields
LogPluginManager: Mounting plugin ProceduralMeshComponent
LogPluginManager: Mounting plugin Synthesis
LogPluginManager: Mounting plugin RuntimePhysXCooking
LogPluginManager: Mounting plugin WebMMoviePlayer
LogPluginManager: Mounting plugin WindowsMoviePlayer
LogPluginManager: Mounting plugin ContentBrowserAssetDataSource
LogPluginManager: Mounting plugin ContentBrowserFileDataSource
LogPluginManager: Mounting plugin ContentBrowserClassDataSource
LogPluginManager: Mounting plugin OnlineSubsystemIOS
LogPluginManager: Mounting plugin OnlineSubsystemGooglePlay
LogPluginManager: Mounting plugin OculusVR
LogPluginManager: Mounting plugin SteamVR
PixWinPlugin: PIX capture plugin failed to initialize! Check that the process is launched from PIX.
LogInit: Using libcurl 7.55.1-DEV
LogInit:  - built for x86_64-pc-win32
LogInit:  - supports SSL with OpenSSL/1.1.1
LogInit:  - supports HTTP deflate (compression) using libz 1.2.8
LogInit:  - other features:
LogInit:      CURL_VERSION_SSL
LogInit:      CURL_VERSION_LIBZ
LogInit:      CURL_VERSION_IPV6
LogInit:      CURL_VERSION_ASYNCHDNS
LogInit:      CURL_VERSION_LARGEFILE
LogInit:      CURL_VERSION_IDN
LogInit:  CurlRequestOptions (configurable via config and command line):
LogInit:  - bVerifyPeer = true  - Libcurl will verify peer certificate
LogInit:  - bUseHttpProxy = false  - Libcurl will NOT use HTTP proxy
LogInit:  - bDontReuseConnections = false  - Libcurl will reuse connections
LogInit:  - MaxHostConnections = 16  - Libcurl will limit the number of connections to a host
LogInit:  - LocalHostAddr = Default
LogInit:  - BufferSize = 65536
LogOnline: OSS: Creating online subsystem instance for: NULL
LogInit: WinSock: version 1.1 (2.2), MaxSocks=32767, MaxUdp=65467
LogOnline: OSS: TryLoadSubsystemAndSetDefault: Loaded subsystem for module [NULL]
LogOculusPluginWrapper: OculusPlugin initialized successfully
LogHMD: Failed initializing OVRPlugin 1.59.0
LogInit: Build: ++UE4+Release-4.27-CL-17735300
LogInit: Engine Version: 4.27.1-17735300+++UE4+Release-4.27
LogInit: Compatible Engine Version: 4.27.0-17155196+++UE4+Release-4.27
LogInit: Net CL: 17155196
LogInit: OS: Windows 10 (Release 2009) (), CPU: AMD Ryzen 7 5800H with Radeon Graphics         , GPU: NVIDIA GeForce RTX 3070 Laptop GPU
LogInit: Compiled (64-bit): Oct  6 2021 14:42:51
LogInit: Compiled with Visual C++: 19.24.28315.00
LogInit: Build Configuration: Development
LogInit: Branch Name: ++UE4+Release-4.27
LogInit: Command Line: 
LogInit: Base Directory: D:/Unreal/UE_4.27/Engine/Binaries/Win64/
LogInit: Allocator: TBB
LogInit: Installed Engine Build: 1
LogDevObjectVersion: Number of dev versions registered: 29
LogDevObjectVersion:   Dev-Blueprints (B0D832E4-1F89-4F0D-ACCF-7EB736FD4AA2): 10
LogDevObjectVersion:   Dev-Build (E1C64328-A22C-4D53-A36C-8E866417BD8C): 0
LogDevObjectVersion:   Dev-Core (375EC13C-06E4-48FB-B500-84F0262A717E): 4
LogDevObjectVersion:   Dev-Editor (E4B068ED-F494-42E9-A231-DA0B2E46BB41): 40
LogDevObjectVersion:   Dev-Framework (CFFC743F-43B0-4480-9391-14DF171D2073): 37
LogDevObjectVersion:   Dev-Mobile (B02B49B5-BB20-44E9-A304-32B752E40360): 3
LogDevObjectVersion:   Dev-Networking (A4E4105C-59A1-49B5-A7C5-40C4547EDFEE): 0
LogDevObjectVersion:   Dev-Online (39C831C9-5AE6-47DC-9A44-9C173E1C8E7C): 0
LogDevObjectVersion:   Dev-Physics (78F01B33-EBEA-4F98-B9B4-84EACCB95AA2): 14
LogDevObjectVersion:   Dev-Platform (6631380F-2D4D-43E0-8009-CF276956A95A): 0
LogDevObjectVersion:   Dev-Rendering (12F88B9F-8875-4AFC-A67C-D90C383ABD29): 45
LogDevObjectVersion:   Dev-Sequencer (7B5AE74C-D270-4C10-A958-57980B212A5A): 13
LogDevObjectVersion:   Dev-VR (D7296918-1DD6-4BDD-9DE2-64A83CC13884): 3
LogDevObjectVersion:   Dev-LoadTimes (C2A15278-BFE7-4AFE-6C17-90FF531DF755): 1
LogDevObjectVersion:   Private-Geometry (6EACA3D4-40EC-4CC1-B786-8BED09428FC5): 3
LogDevObjectVersion:   Dev-AnimPhys (29E575DD-E0A3-4627-9D10-D276232CDCEA): 17
LogDevObjectVersion:   Dev-Anim (AF43A65D-7FD3-4947-9873-3E8ED9C1BB05): 15
LogDevObjectVersion:   Dev-ReflectionCapture (6B266CEC-1EC7-4B8F-A30B-E4D90942FC07): 1
LogDevObjectVersion:   Dev-Automation (0DF73D61-A23F-47EA-B727-89E90C41499A): 1
LogDevObjectVersion:   FortniteMain (601D1886-AC64-4F84-AA16-D3DE0DEAC7D6): 47
LogDevObjectVersion:   FortniteRelease (E7086368-6B23-4C58-8439-1B7016265E91): 1
LogDevObjectVersion:   Dev-Enterprise (9DFFBCD6-494F-0158-E221-12823C92A888): 10
LogDevObjectVersion:   Dev-Niagara (F2AED0AC-9AFE-416F-8664-AA7FFA26D6FC): 1
LogDevObjectVersion:   Dev-Destruction (174F1F0B-B4C6-45A5-B13F-2EE8D0FB917D): 10
LogDevObjectVersion:   Dev-Physics-Ext (35F94A83-E258-406C-A318-09F59610247C): 41
LogDevObjectVersion:   Dev-PhysicsMaterial-Chaos (B68FC16E-8B1B-42E2-B453-215C058844FE): 1
LogDevObjectVersion:   Dev-CineCamera (B2E18506-4273-CFC2-A54E-F4BB758BBA07): 1
LogDevObjectVersion:   Dev-VirtualProduction (64F58936-FD1B-42BA-BA96-7289D5D0FA4E): 1
LogDevObjectVersion:   Dev-MediaFramework (6F0ED827-A609-4895-9C91-998D90180EA4): 2
LogInit: Presizing for max 25165824 objects, including 0 objects not considered by GC, pre-allocating 0 bytes for permanent pool.
LogConfig: Applying CVar settings from Section [/Script/Engine.StreamingSettings] File [D:/UE Projects/SpacPrisonRecreation/SpacRecreationGameStart/SpacRecreationGame/Saved/Config/Windows/Engine.ini]
LogConfig: Setting CVar [[s.MinBulkDataSizeForAsyncLoading:131072]]
LogConfig: Setting CVar [[s.AsyncLoadingThreadEnabled:0]]
LogConfig: Setting CVar [[s.EventDrivenLoaderEnabled:1]]
LogConfig: Setting CVar [[s.WarnIfTimeLimitExceeded:0]]
LogConfig: Setting CVar [[s.TimeLimitExceededMultiplier:1.5]]
LogConfig: Setting CVar [[s.TimeLimitExceededMinTime:0.005]]
LogConfig: Setting CVar [[s.UseBackgroundLevelStreaming:1]]
LogConfig: Setting CVar [[s.PriorityAsyncLoadingExtraTime:15.0]]
LogConfig: Setting CVar [[s.LevelStreamingActorsUpdateTimeLimit:5.0]]
LogConfig: Setting CVar [[s.PriorityLevelStreamingActorsUpdateExtraTime:5.0]]
LogConfig: Setting CVar [[s.LevelStreamingComponentsRegistrationGranularity:10]]
LogConfig: Setting CVar [[s.UnregisterComponentsTimeLimit:1.0]]
LogConfig: Setting CVar [[s.LevelStreamingComponentsUnregistrationGranularity:5]]
LogConfig: Setting CVar [[s.FlushStreamingOnExit:1]]
LogInit: Object subsystem initialized
LogConfig: Setting CVar [[con.DebugEarlyDefault:1]]
LogConfig: Setting CVar [[r.setres:1280x720]]
[2021.11.15-22.30.25:049][  0]LogConfig: Setting CVar [[r.VSync:0]]
[2021.11.15-22.30.25:049][  0]LogConfig: Setting CVar [[r.RHICmdBypass:0]]
[2021.11.15-22.30.25:049][  0]LogConfig: Applying CVar settings from Section [/Script/Engine.RendererSettings] File [D:/UE Projects/SpacPrisonRecreation/SpacRecreationGameStart/SpacRecreationGame/Saved/Config/Windows/Engine.ini]
[2021.11.15-22.30.25:049][  0]LogConfig: Setting CVar [[r.GPUCrashDebugging:0]]
[2021.11.15-22.30.25:049][  0]LogConfig: Applying CVar settings from Section [/Script/Engine.RendererOverrideSettings] File [D:/UE Projects/SpacPrisonRecreation/SpacRecreationGameStart/SpacRecreationGame/Saved/Config/Windows/Engine.ini]
[2021.11.15-22.30.25:049][  0]LogConfig: Applying CVar settings from Section [/Script/Engine.StreamingSettings] File [D:/UE Projects/SpacPrisonRecreation/SpacRecreationGameStart/SpacRecreationGame/Saved/Config/Windows/Engine.ini]
[2021.11.15-22.30.25:049][  0]LogConfig: Setting CVar [[s.MinBulkDataSizeForAsyncLoading:131072]]
[2021.11.15-22.30.25:049][  0]LogConfig: Setting CVar [[s.AsyncLoadingThreadEnabled:0]]
[2021.11.15-22.30.25:049][  0]LogConfig: Setting CVar [[s.EventDrivenLoaderEnabled:1]]
[2021.11.15-22.30.25:049][  0]LogConfig: Setting CVar [[s.WarnIfTimeLimitExceeded:0]]
[2021.11.15-22.30.25:049][  0]LogConfig: Setting CVar [[s.TimeLimitExceededMultiplier:1.5]]
[2021.11.15-22.30.25:049][  0]LogConfig: Setting CVar [[s.TimeLimitExceededMinTime:0.005]]
[2021.11.15-22.30.25:049][  0]LogConfig: Setting CVar [[s.UseBackgroundLevelStreaming:1]]
[2021.11.15-22.30.25:049][  0]LogConfig: Setting CVar [[s.PriorityAsyncLoadingExtraTime:15.0]]
[2021.11.15-22.30.25:049][  0]LogConfig: Setting CVar [[s.LevelStreamingActorsUpdateTimeLimit:5.0]]
[2021.11.15-22.30.25:049][  0]LogConfig: Setting CVar [[s.PriorityLevelStreamingActorsUpdateExtraTime:5.0]]
[2021.11.15-22.30.25:049][  0]LogConfig: Setting CVar [[s.LevelStreamingComponentsRegistrationGranularity:10]]
[2021.11.15-22.30.25:049][  0]LogConfig: Setting CVar [[s.UnregisterComponentsTimeLimit:1.0]]
[2021.11.15-22.30.25:049][  0]LogConfig: Setting CVar [[s.LevelStreamingComponentsUnregistrationGranularity:5]]
[2021.11.15-22.30.25:049][  0]LogConfig: Setting CVar [[s.FlushStreamingOnExit:1]]
[2021.11.15-22.30.25:049][  0]LogConfig: Applying CVar settings from Section [/Script/Engine.GarbageCollectionSettings] File [D:/UE Projects/SpacPrisonRecreation/SpacRecreationGameStart/SpacRecreationGame/Saved/Config/Windows/Engine.ini]
[2021.11.15-22.30.25:049][  0]LogConfig: Setting CVar [[gc.MaxObjectsNotConsideredByGC:1]]
[2021.11.15-22.30.25:049][  0]LogConfig: Setting CVar [[gc.SizeOfPermanentObjectPool:0]]
[2021.11.15-22.30.25:049][  0]LogConfig: Setting CVar [[gc.FlushStreamingOnGC:0]]
[2021.11.15-22.30.25:049][  0]LogConfig: Setting CVar [[gc.NumRetriesBeforeForcingGC:10]]
[2021.11.15-22.30.25:049][  0]LogConfig: Setting CVar [[gc.AllowParallelGC:1]]
[2021.11.15-22.30.25:049][  0]LogConfig: Setting CVar [[gc.TimeBetweenPurgingPendingKillObjects:61.1]]
[2021.11.15-22.30.25:049][  0]LogConfig: Setting CVar [[gc.MaxObjectsInEditor:25165824]]
[2021.11.15-22.30.25:049][  0]LogConfig: Setting CVar [[gc.IncrementalBeginDestroyEnabled:1]]
[2021.11.15-22.30.25:049][  0]LogConfig: Setting CVar [[gc.CreateGCClusters:1]]
[2021.11.15-22.30.25:049][  0]LogConfig: Setting CVar [[gc.MinGCClusterSize:5]]
[2021.11.15-22.30.25:049][  0]LogConfig: Setting CVar [[gc.ActorClusteringEnabled:0]]
[2021.11.15-22.30.25:049][  0]LogConfig: Setting CVar [[gc.BlueprintClusteringEnabled:0]]
[2021.11.15-22.30.25:049][  0]LogConfig: Setting CVar [[gc.UseDisregardForGCOnDedicatedServers:0]]
[2021.11.15-22.30.25:049][  0]LogConfig: Setting CVar [[gc.MultithreadedDestructionEnabled:1]]
[2021.11.15-22.30.25:049][  0]LogConfig: Applying CVar settings from Section [/Script/Engine.NetworkSettings] File [D:/UE Projects/SpacPrisonRecreation/SpacRecreationGameStart/SpacRecreationGame/Saved/Config/Windows/Engine.ini]
[2021.11.15-22.30.25:049][  0]LogConfig: Applying CVar settings from Section [/Script/UnrealEd.CookerSettings] File [D:/UE Projects/SpacPrisonRecreation/SpacRecreationGameStart/SpacRecreationGame/Saved/Config/Windows/Engine.ini]
[2021.11.15-22.30.25:065][  0]LogConfig: Applying CVar settings from Section [ViewDistanceQuality@3] File [D:/UE Projects/SpacPrisonRecreation/SpacRecreationGameStart/SpacRecreationGame/Saved/Config/Windows/Scalability.ini]
[2021.11.15-22.30.25:065][  0]LogConfig: Setting CVar [[r.SkeletalMeshLODBias:0]]
[2021.11.15-22.30.25:066][  0]LogConfig: Setting CVar [[r.ViewDistanceScale:1.0]]
[2021.11.15-22.30.25:066][  0]LogConfig: Applying CVar settings from Section [AntiAliasingQuality@3] File [D:/UE Projects/SpacPrisonRecreation/SpacRecreationGameStart/SpacRecreationGame/Saved/Config/Windows/Scalability.ini]
[2021.11.15-22.30.25:066][  0]LogConfig: Setting CVar [[r.PostProcessAAQuality:4]]
[2021.11.15-22.30.25:066][  0]LogConfig: Applying CVar settings from Section [ShadowQuality@3] File [D:/UE Projects/SpacPrisonRecreation/SpacRecreationGameStart/SpacRecreationGame/Saved/Config/Windows/Scalability.ini]
[2021.11.15-22.30.25:066][  0]LogConfig: Setting CVar [[r.LightFunctionQuality:1]]
[2021.11.15-22.30.25:066][  0]LogConfig: Setting CVar [[r.ShadowQuality:5]]
[2021.11.15-22.30.25:066][  0]LogConfig: Setting CVar [[r.Shadow.CSM.MaxCascades:10]]
[2021.11.15-22.30.25:066][  0]LogConfig: Setting CVar [[r.Shadow.MaxResolution:2048]]
[2021.11.15-22.30.25:066][  0]LogConfig: Setting CVar [[r.Shadow.MaxCSMResolution:2048]]
[2021.11.15-22.30.25:066][  0]LogConfig: Setting CVar [[r.Shadow.RadiusThreshold:0.01]]
[2021.11.15-22.30.25:066][  0]LogConfig: Setting CVar [[r.Shadow.DistanceScale:1.0]]
[2021.11.15-22.30.25:066][  0]LogConfig: Setting CVar [[r.Shadow.CSM.TransitionScale:1.0]]
[2021.11.15-22.30.25:066][  0]LogConfig: Setting CVar [[r.Shadow.PreShadowResolutionFactor:1.0]]
[2021.11.15-22.30.25:066][  0]LogConfig: Setting CVar [[r.DistanceFieldShadowing:1]]
[2021.11.15-22.30.25:066][  0]LogConfig: Setting CVar [[r.DistanceFieldAO:1]]
[2021.11.15-22.30.25:066][  0]LogConfig: Setting CVar [[r.AOQuality:2]]
[2021.11.15-22.30.25:066][  0]LogConfig: Setting CVar [[r.VolumetricFog:1]]
[2021.11.15-22.30.25:066][  0]LogConfig: Setting CVar [[r.VolumetricFog.GridPixelSize:8]]
[2021.11.15-22.30.25:066][  0]LogConfig: Setting CVar [[r.VolumetricFog.GridSizeZ:128]]
[2021.11.15-22.30.25:066][  0]LogConfig: Setting CVar [[r.VolumetricFog.HistoryMissSupersampleCount:4]]
[2021.11.15-22.30.25:066][  0]LogConfig: Setting CVar [[r.LightMaxDrawDistanceScale:1]]
[2021.11.15-22.30.25:066][  0]LogConfig: Setting CVar [[r.CapsuleShadows:1]]
[2021.11.15-22.30.25:066][  0]LogConfig: Applying CVar settings from Section [PostProcessQuality@3] File [D:/UE Projects/SpacPrisonRecreation/SpacRecreationGameStart/SpacRecreationGame/Saved/Config/Windows/Scalability.ini]
[2021.11.15-22.30.25:066][  0]LogConfig: Setting CVar [[r.MotionBlurQuality:4]]
[2021.11.15-22.30.25:066][  0]LogConfig: Setting CVar [[r.AmbientOcclusionMipLevelFactor:0.4]]
[2021.11.15-22.30.25:066][  0]LogConfig: Setting CVar [[r.AmbientOcclusionMaxQuality:100]]
[2021.11.15-22.30.25:066][  0]LogConfig: Setting CVar [[r.AmbientOcclusionLevels:-1]]
[2021.11.15-22.30.25:066][  0]LogConfig: Setting CVar [[r.AmbientOcclusionRadiusScale:1.0]]
[2021.11.15-22.30.25:066][  0]LogConfig: Setting CVar [[r.DepthOfFieldQuality:2]]
[2021.11.15-22.30.25:066][  0]LogConfig: Setting CVar [[r.RenderTargetPoolMin:400]]
[2021.11.15-22.30.25:066][  0]LogConfig: Setting CVar [[r.LensFlareQuality:2]]
[2021.11.15-22.30.25:066][  0]LogConfig: Setting CVar [[r.SceneColorFringeQuality:1]]
[2021.11.15-22.30.25:066][  0]LogConfig: Setting CVar [[r.EyeAdaptationQuality:2]]
[2021.11.15-22.30.25:066][  0]LogConfig: Setting CVar [[r.BloomQuality:5]]
[2021.11.15-22.30.25:066][  0]LogConfig: Setting CVar [[r.FastBlurThreshold:100]]
[2021.11.15-22.30.25:066][  0]LogConfig: Setting CVar [[r.Upscale.Quality:3]]
[2021.11.15-22.30.25:066][  0]LogConfig: Setting CVar [[r.Tonemapper.GrainQuantization:1]]
[2021.11.15-22.30.25:066][  0]LogConfig: Setting CVar [[r.LightShaftQuality:1]]
[2021.11.15-22.30.25:066][  0]LogConfig: Setting CVar [[r.Filter.SizeScale:1]]
[2021.11.15-22.30.25:066][  0]LogConfig: Setting CVar [[r.Tonemapper.Quality:5]]
[2021.11.15-22.30.25:066][  0]LogConfig: Setting CVar [[r.DOF.Gather.AccumulatorQuality:1        ; higher gathering accumulator quality]]
[2021.11.15-22.30.25:066][  0]LogConfig: Setting CVar [[r.DOF.Gather.PostfilterMethod:1          ; Median3x3 postfilering method]]
[2021.11.15-22.30.25:066][  0]LogConfig: Setting CVar [[r.DOF.Gather.EnableBokehSettings:0       ; no bokeh simulation when gathering]]
[2021.11.15-22.30.25:066][  0]LogConfig: Setting CVar [[r.DOF.Gather.RingCount:4                 ; medium number of samples when gathering]]
[2021.11.15-22.30.25:066][  0]LogConfig: Setting CVar [[r.DOF.Scatter.ForegroundCompositing:1    ; additive foreground scattering]]
[2021.11.15-22.30.25:066][  0]LogConfig: Setting CVar [[r.DOF.Scatter.BackgroundCompositing:2    ; additive background scattering]]
[2021.11.15-22.30.25:066][  0]LogConfig: Setting CVar [[r.DOF.Scatter.EnableBokehSettings:1      ; bokeh simulation when scattering]]
[2021.11.15-22.30.25:066][  0]LogConfig: Setting CVar [[r.DOF.Scatter.MaxSpriteRatio:0.1         ; only a maximum of 10% of scattered bokeh]]
[2021.11.15-22.30.25:066][  0]LogConfig: Setting CVar [[r.DOF.Recombine.Quality:1                ; cheap slight out of focus]]
[2021.11.15-22.30.25:066][  0]LogConfig: Setting CVar [[r.DOF.Recombine.EnableBokehSettings:0    ; no bokeh simulation on slight out of focus]]
[2021.11.15-22.30.25:066][  0]LogConfig: Setting CVar [[r.DOF.TemporalAAQuality:1                ; more stable temporal accumulation]]
[2021.11.15-22.30.25:066][  0]LogConfig: Setting CVar [[r.DOF.Kernel.MaxForegroundRadius:0.025]]
[2021.11.15-22.30.25:066][  0]LogConfig: Setting CVar [[r.DOF.Kernel.MaxBackgroundRadius:0.025]]
[2021.11.15-22.30.25:066][  0]LogConfig: Applying CVar settings from Section [TextureQuality@3] File [D:/UE Projects/SpacPrisonRecreation/SpacRecreationGameStart/SpacRecreationGame/Saved/Config/Windows/Scalability.ini]
[2021.11.15-22.30.25:066][  0]LogConfig: Setting CVar [[r.Streaming.MipBias:0]]
[2021.11.15-22.30.25:066][  0]LogConfig: Setting CVar [[r.Streaming.AmortizeCPUToGPUCopy:0]]
[2021.11.15-22.30.25:066][  0]LogConfig: Setting CVar [[r.Streaming.MaxNumTexturesToStreamPerFrame:0]]
[2021.11.15-22.30.25:066][  0]LogConfig: Setting CVar [[r.Streaming.Boost:1]]
[2021.11.15-22.30.25:066][  0]LogConfig: Setting CVar [[r.MaxAnisotropy:8]]
[2021.11.15-22.30.25:066][  0]LogConfig: Setting CVar [[r.VT.MaxAnisotropy:8]]
[2021.11.15-22.30.25:066][  0]LogConfig: Setting CVar [[r.Streaming.LimitPoolSizeToVRAM:0]]
[2021.11.15-22.30.25:066][  0]LogConfig: Setting CVar [[r.Streaming.PoolSize:1000]]
[2021.11.15-22.30.25:066][  0]LogConfig: Setting CVar [[r.Streaming.MaxEffectiveScreenSize:0]]
[2021.11.15-22.30.25:066][  0]LogConfig: Applying CVar settings from Section [EffectsQuality@3] File [D:/UE Projects/SpacPrisonRecreation/SpacRecreationGameStart/SpacRecreationGame/Saved/Config/Windows/Scalability.ini]
[2021.11.15-22.30.25:066][  0]LogConfig: Setting CVar [[r.TranslucencyLightingVolumeDim:64]]
[2021.11.15-22.30.25:066][  0]LogConfig: Setting CVar [[r.RefractionQuality:2]]
[2021.11.15-22.30.25:066][  0]LogConfig: Setting CVar [[r.SSR.Quality:3]]
[2021.11.15-22.30.25:066][  0]LogConfig: Setting CVar [[r.SSR.HalfResSceneColor:0]]
[2021.11.15-22.30.25:066][  0]LogConfig: Setting CVar [[r.SceneColorFormat:4]]
[2021.11.15-22.30.25:066][  0]LogConfig: Setting CVar [[r.DetailMode:2]]
[2021.11.15-22.30.25:066][  0]LogConfig: Setting CVar [[r.TranslucencyVolumeBlur:1]]
[2021.11.15-22.30.25:066][  0]LogConfig: Setting CVar [[r.MaterialQualityLevel:1 ; High quality]]
[2021.11.15-22.30.25:066][  0]LogConfig: Setting CVar [[r.AnisotropicMaterials:1]]
[2021.11.15-22.30.25:066][  0]LogConfig: Setting CVar [[r.SSS.Scale:1]]
[2021.11.15-22.30.25:066][  0]LogConfig: Setting CVar [[r.SSS.SampleSet:2]]
[2021.11.15-22.30.25:066][  0]LogConfig: Setting CVar [[r.SSS.Quality:1]]
[2021.11.15-22.30.25:066][  0]LogConfig: Setting CVar [[r.SSS.HalfRes:0]]
[2021.11.15-22.30.25:066][  0]LogConfig: Setting CVar [[r.SSGI.Quality:3]]
[2021.11.15-22.30.25:066][  0]LogConfig: Setting CVar [[r.EmitterSpawnRateScale:1.0]]
[2021.11.15-22.30.25:066][  0]LogConfig: Setting CVar [[r.ParticleLightQuality:2]]
[2021.11.15-22.30.25:066][  0]LogConfig: Setting CVar [[r.SkyAtmosphere.AerialPerspectiveLUT.FastApplyOnOpaque:1 ; Always have FastSkyLUT 1 in this case to avoid wrong sky]]
[2021.11.15-22.30.25:066][  0]LogConfig: Setting CVar [[r.SkyAtmosphere.AerialPerspectiveLUT.SampleCountMaxPerSlice:4]]
[2021.11.15-22.30.25:066][  0]LogConfig: Setting CVar [[r.SkyAtmosphere.AerialPerspectiveLUT.DepthResolution:16.0]]
[2021.11.15-22.30.25:066][  0]LogConfig: Setting CVar [[r.SkyAtmosphere.FastSkyLUT:1]]
[2021.11.15-22.30.25:066][  0]LogConfig: Setting CVar [[r.SkyAtmosphere.FastSkyLUT.SampleCountMin:4.0]]
[2021.11.15-22.30.25:066][  0]LogConfig: Setting CVar [[r.SkyAtmosphere.FastSkyLUT.SampleCountMax:128.0]]
[2021.11.15-22.30.25:066][  0]LogConfig: Setting CVar [[r.SkyAtmosphere.SampleCountMin:4.0]]
[2021.11.15-22.30.25:066][  0]LogConfig: Setting CVar [[r.SkyAtmosphere.SampleCountMax:128.0]]
[2021.11.15-22.30.25:066][  0]LogConfig: Setting CVar [[r.SkyAtmosphere.TransmittanceLUT.UseSmallFormat:0]]
[2021.11.15-22.30.25:066][  0]LogConfig: Setting CVar [[r.SkyAtmosphere.TransmittanceLUT.SampleCount:10.0]]
[2021.11.15-22.30.25:066][  0]LogConfig: Setting CVar [[r.SkyAtmosphere.MultiScatteringLUT.SampleCount:15.0]]
[2021.11.15-22.30.25:066][  0]LogConfig: Setting CVar [[r.SkyLight.RealTimeReflectionCapture:1]]
[2021.11.15-22.30.25:066][  0]LogConfig: Applying CVar settings from Section [FoliageQuality@3] File [D:/UE Projects/SpacPrisonRecreation/SpacRecreationGameStart/SpacRecreationGame/Saved/Config/Windows/Scalability.ini]
[2021.11.15-22.30.25:066][  0]LogConfig: Setting CVar [[foliage.DensityScale:1.0]]
[2021.11.15-22.30.25:066][  0]LogConfig: Setting CVar [[grass.DensityScale:1.0]]
[2021.11.15-22.30.25:066][  0]LogConfig: Applying CVar settings from Section [ShadingQuality@3] File [D:/UE Projects/SpacPrisonRecreation/SpacRecreationGameStart/SpacRecreationGame/Saved/Config/Windows/Scalability.ini]
[2021.11.15-22.30.25:066][  0]LogConfig: Setting CVar [[r.HairStrands.SkyLighting.IntegrationType:2]]
[2021.11.15-22.30.25:066][  0]LogConfig: Setting CVar [[r.HairStrands.SkyAO.SampleCount:4]]
[2021.11.15-22.30.25:066][  0]LogConfig: Setting CVar [[r.HairStrands.Visibility.MSAA.SamplePerPixel:4]]
[2021.11.15-22.30.25:066][  0]LogInit: Selected Device Profile: [Windows]
[2021.11.15-22.30.25:066][  0]LogInit: Applying CVar settings loaded from the selected device profile: [Windows]
[2021.11.15-22.30.25:066][  0]LogHAL: Display: Platform has ~ 32 GB [34221649920 / 34359738368 / 32], which maps to Largest [LargestMinGB=32, LargerMinGB=12, DefaultMinGB=8, SmallerMinGB=6, SmallestMinGB=0)
[2021.11.15-22.30.25:066][  0]LogInit: Going up to parent DeviceProfile []
[2021.11.15-22.30.25:066][  0]LogConfig: Applying CVar settings from Section [ViewDistanceQuality@3] File [D:/UE Projects/SpacPrisonRecreation/SpacRecreationGameStart/SpacRecreationGame/Saved/Config/Windows/Scalability.ini]
[2021.11.15-22.30.25:066][  0]LogConfig: Setting CVar [[r.SkeletalMeshLODBias:0]]
[2021.11.15-22.30.25:066][  0]LogConfig: Setting CVar [[r.ViewDistanceScale:1.0]]
[2021.11.15-22.30.25:066][  0]LogConfig: Applying CVar settings from Section [AntiAliasingQuality@3] File [D:/UE Projects/SpacPrisonRecreation/SpacRecreationGameStart/SpacRecreationGame/Saved/Config/Windows/Scalability.ini]
[2021.11.15-22.30.25:067][  0]LogConfig: Setting CVar [[r.PostProcessAAQuality:4]]
[2021.11.15-22.30.25:067][  0]LogConfig: Applying CVar settings from Section [ShadowQuality@3] File [D:/UE Projects/SpacPrisonRecreation/SpacRecreationGameStart/SpacRecreationGame/Saved/Config/Windows/Scalability.ini]
[2021.11.15-22.30.25:067][  0]LogConfig: Setting CVar [[r.LightFunctionQuality:1]]
[2021.11.15-22.30.25:067][  0]LogConfig: Setting CVar [[r.ShadowQuality:5]]
[2021.11.15-22.30.25:067][  0]LogConfig: Setting CVar [[r.Shadow.CSM.MaxCascades:10]]
[2021.11.15-22.30.25:067][  0]LogConfig: Setting CVar [[r.Shadow.MaxResolution:2048]]
[2021.11.15-22.30.25:067][  0]LogConfig: Setting CVar [[r.Shadow.MaxCSMResolution:2048]]
[2021.11.15-22.30.25:067][  0]LogConfig: Setting CVar [[r.Shadow.RadiusThreshold:0.01]]
[2021.11.15-22.30.25:067][  0]LogConfig: Setting CVar [[r.Shadow.DistanceScale:1.0]]
[2021.11.15-22.30.25:067][  0]LogConfig: Setting CVar [[r.Shadow.CSM.TransitionScale:1.0]]
[2021.11.15-22.30.25:067][  0]LogConfig: Setting CVar [[r.Shadow.PreShadowResolutionFactor:1.0]]
[2021.11.15-22.30.25:067][  0]LogConfig: Setting CVar [[r.DistanceFieldShadowing:1]]
[2021.11.15-22.30.25:067][  0]LogConfig: Setting CVar [[r.DistanceFieldAO:1]]
[2021.11.15-22.30.25:067][  0]LogConfig: Setting CVar [[r.AOQuality:2]]
[2021.11.15-22.30.25:067][  0]LogConfig: Setting CVar [[r.VolumetricFog:1]]
[2021.11.15-22.30.25:067][  0]LogConfig: Setting CVar [[r.VolumetricFog.GridPixelSize:8]]
[2021.11.15-22.30.25:067][  0]LogConfig: Setting CVar [[r.VolumetricFog.GridSizeZ:128]]
[2021.11.15-22.30.25:067][  0]LogConfig: Setting CVar [[r.VolumetricFog.HistoryMissSupersampleCount:4]]
[2021.11.15-22.30.25:067][  0]LogConfig: Setting CVar [[r.LightMaxDrawDistanceScale:1]]
[2021.11.15-22.30.25:067][  0]LogConfig: Setting CVar [[r.CapsuleShadows:1]]
[2021.11.15-22.30.25:067][  0]LogConfig: Applying CVar settings from Section [PostProcessQuality@3] File [D:/UE Projects/SpacPrisonRecreation/SpacRecreationGameStart/SpacRecreationGame/Saved/Config/Windows/Scalability.ini]
[2021.11.15-22.30.25:067][  0]LogConfig: Setting CVar [[r.MotionBlurQuality:4]]
[2021.11.15-22.30.25:067][  0]LogConfig: Setting CVar [[r.AmbientOcclusionMipLevelFactor:0.4]]
[2021.11.15-22.30.25:067][  0]LogConfig: Setting CVar [[r.AmbientOcclusionMaxQuality:100]]
[2021.11.15-22.30.25:067][  0]LogConfig: Setting CVar [[r.AmbientOcclusionLevels:-1]]
[2021.11.15-22.30.25:067][  0]LogConfig: Setting CVar [[r.AmbientOcclusionRadiusScale:1.0]]
[2021.11.15-22.30.25:067][  0]LogConfig: Setting CVar [[r.DepthOfFieldQuality:2]]
[2021.11.15-22.30.25:067][  0]LogConfig: Setting CVar [[r.RenderTargetPoolMin:400]]
[2021.11.15-22.30.25:067][  0]LogConfig: Setting CVar [[r.LensFlareQuality:2]]
[2021.11.15-22.30.25:067][  0]LogConfig: Setting CVar [[r.SceneColorFringeQuality:1]]
[2021.11.15-22.30.25:067][  0]LogConfig: Setting CVar [[r.EyeAdaptationQuality:2]]
[2021.11.15-22.30.25:067][  0]LogConfig: Setting CVar [[r.BloomQuality:5]]
[2021.11.15-22.30.25:067][  0]LogConfig: Setting CVar [[r.FastBlurThreshold:100]]
[2021.11.15-22.30.25:067][  0]LogConfig: Setting CVar [[r.Upscale.Quality:3]]
[2021.11.15-22.30.25:067][  0]LogConfig: Setting CVar [[r.Tonemapper.GrainQuantization:1]]
[2021.11.15-22.30.25:067][  0]LogConfig: Setting CVar [[r.LightShaftQuality:1]]
[2021.11.15-22.30.25:067][  0]LogConfig: Setting CVar [[r.Filter.SizeScale:1]]
[2021.11.15-22.30.25:067][  0]LogConfig: Setting CVar [[r.Tonemapper.Quality:5]]
[2021.11.15-22.30.25:067][  0]LogConfig: Setting CVar [[r.DOF.Gather.AccumulatorQuality:1        ; higher gathering accumulator quality]]
[2021.11.15-22.30.25:067][  0]LogConfig: Setting CVar [[r.DOF.Gather.PostfilterMethod:1          ; Median3x3 postfilering method]]
[2021.11.15-22.30.25:067][  0]LogConfig: Setting CVar [[r.DOF.Gather.EnableBokehSettings:0       ; no bokeh simulation when gathering]]
[2021.11.15-22.30.25:067][  0]LogConfig: Setting CVar [[r.DOF.Gather.RingCount:4                 ; medium number of samples when gathering]]
[2021.11.15-22.30.25:067][  0]LogConfig: Setting CVar [[r.DOF.Scatter.ForegroundCompositing:1    ; additive foreground scattering]]
[2021.11.15-22.30.25:067][  0]LogConfig: Setting CVar [[r.DOF.Scatter.BackgroundCompositing:2    ; additive background scattering]]
[2021.11.15-22.30.25:067][  0]LogConfig: Setting CVar [[r.DOF.Scatter.EnableBokehSettings:1      ; bokeh simulation when scattering]]
[2021.11.15-22.30.25:067][  0]LogConfig: Setting CVar [[r.DOF.Scatter.MaxSpriteRatio:0.1         ; only a maximum of 10% of scattered bokeh]]
[2021.11.15-22.30.25:067][  0]LogConfig: Setting CVar [[r.DOF.Recombine.Quality:1                ; cheap slight out of focus]]
[2021.11.15-22.30.25:067][  0]LogConfig: Setting CVar [[r.DOF.Recombine.EnableBokehSettings:0    ; no bokeh simulation on slight out of focus]]
[2021.11.15-22.30.25:067][  0]LogConfig: Setting CVar [[r.DOF.TemporalAAQuality:1                ; more stable temporal accumulation]]
[2021.11.15-22.30.25:067][  0]LogConfig: Setting CVar [[r.DOF.Kernel.MaxForegroundRadius:0.025]]
[2021.11.15-22.30.25:067][  0]LogConfig: Setting CVar [[r.DOF.Kernel.MaxBackgroundRadius:0.025]]
[2021.11.15-22.30.25:067][  0]LogConfig: Applying CVar settings from Section [TextureQuality@3] File [D:/UE Projects/SpacPrisonRecreation/SpacRecreationGameStart/SpacRecreationGame/Saved/Config/Windows/Scalability.ini]
[2021.11.15-22.30.25:067][  0]LogConfig: Setting CVar [[r.Streaming.MipBias:0]]
[2021.11.15-22.30.25:067][  0]LogConfig: Setting CVar [[r.Streaming.AmortizeCPUToGPUCopy:0]]
[2021.11.15-22.30.25:067][  0]LogConfig: Setting CVar [[r.Streaming.MaxNumTexturesToStreamPerFrame:0]]
[2021.11.15-22.30.25:067][  0]LogConfig: Setting CVar [[r.Streaming.Boost:1]]
[2021.11.15-22.30.25:067][  0]LogConfig: Setting CVar [[r.MaxAnisotropy:8]]
[2021.11.15-22.30.25:067][  0]LogConfig: Setting CVar [[r.VT.MaxAnisotropy:8]]
[2021.11.15-22.30.25:067][  0]LogConfig: Setting CVar [[r.Streaming.LimitPoolSizeToVRAM:0]]
[2021.11.15-22.30.25:067][  0]LogConfig: Setting CVar [[r.Streaming.PoolSize:1000]]
[2021.11.15-22.30.25:067][  0]LogConfig: Setting CVar [[r.Streaming.MaxEffectiveScreenSize:0]]
[2021.11.15-22.30.25:067][  0]LogConfig: Applying CVar settings from Section [EffectsQuality@3] File [D:/UE Projects/SpacPrisonRecreation/SpacRecreationGameStart/SpacRecreationGame/Saved/Config/Windows/Scalability.ini]
[2021.11.15-22.30.25:067][  0]LogConfig: Setting CVar [[r.TranslucencyLightingVolumeDim:64]]
[2021.11.15-22.30.25:067][  0]LogConfig: Setting CVar [[r.RefractionQuality:2]]
[2021.11.15-22.30.25:067][  0]LogConfig: Setting CVar [[r.SSR.Quality:3]]
[2021.11.15-22.30.25:067][  0]LogConfig: Setting CVar [[r.SSR.HalfResSceneColor:0]]
[2021.11.15-22.30.25:067][  0]LogConfig: Setting CVar [[r.SceneColorFormat:4]]
[2021.11.15-22.30.25:067][  0]LogConfig: Setting CVar [[r.DetailMode:2]]
[2021.11.15-22.30.25:067][  0]LogConfig: Setting CVar [[r.TranslucencyVolumeBlur:1]]
[2021.11.15-22.30.25:067][  0]LogConfig: Setting CVar [[r.MaterialQualityLevel:1 ; High quality]]
[2021.11.15-22.30.25:067][  0]LogConfig: Setting CVar [[r.AnisotropicMaterials:1]]
[2021.11.15-22.30.25:067][  0]LogConfig: Setting CVar [[r.SSS.Scale:1]]
[2021.11.15-22.30.25:067][  0]LogConfig: Setting CVar [[r.SSS.SampleSet:2]]
[2021.11.15-22.30.25:067][  0]LogConfig: Setting CVar [[r.SSS.Quality:1]]
[2021.11.15-22.30.25:067][  0]LogConfig: Setting CVar [[r.SSS.HalfRes:0]]
[2021.11.15-22.30.25:067][  0]LogConfig: Setting CVar [[r.SSGI.Quality:3]]
[2021.11.15-22.30.25:067][  0]LogConfig: Setting CVar [[r.EmitterSpawnRateScale:1.0]]
[2021.11.15-22.30.25:067][  0]LogConfig: Setting CVar [[r.ParticleLightQuality:2]]
[2021.11.15-22.30.25:067][  0]LogConfig: Setting CVar [[r.SkyAtmosphere.AerialPerspectiveLUT.FastApplyOnOpaque:1 ; Always have FastSkyLUT 1 in this case to avoid wrong sky]]
[2021.11.15-22.30.25:067][  0]LogConfig: Setting CVar [[r.SkyAtmosphere.AerialPerspectiveLUT.SampleCountMaxPerSlice:4]]
[2021.11.15-22.30.25:067][  0]LogConfig: Setting CVar [[r.SkyAtmosphere.AerialPerspectiveLUT.DepthResolution:16.0]]
[2021.11.15-22.30.25:067][  0]LogConfig: Setting CVar [[r.SkyAtmosphere.FastSkyLUT:1]]
[2021.11.15-22.30.25:067][  0]LogConfig: Setting CVar [[r.SkyAtmosphere.FastSkyLUT.SampleCountMin:4.0]]
[2021.11.15-22.30.25:067][  0]LogConfig: Setting CVar [[r.SkyAtmosphere.FastSkyLUT.SampleCountMax:128.0]]
[2021.11.15-22.30.25:067][  0]LogConfig: Setting CVar [[r.SkyAtmosphere.SampleCountMin:4.0]]
[2021.11.15-22.30.25:067][  0]LogConfig: Setting CVar [[r.SkyAtmosphere.SampleCountMax:128.0]]
[2021.11.15-22.30.25:067][  0]LogConfig: Setting CVar [[r.SkyAtmosphere.TransmittanceLUT.UseSmallFormat:0]]
[2021.11.15-22.30.25:067][  0]LogConfig: Setting CVar [[r.SkyAtmosphere.TransmittanceLUT.SampleCount:10.0]]
[2021.11.15-22.30.25:067][  0]LogConfig: Setting CVar [[r.SkyAtmosphere.MultiScatteringLUT.SampleCount:15.0]]
[2021.11.15-22.30.25:067][  0]LogConfig: Setting CVar [[r.SkyLight.RealTimeReflectionCapture:1]]
[2021.11.15-22.30.25:067][  0]LogConfig: Applying CVar settings from Section [FoliageQuality@3] File [D:/UE Projects/SpacPrisonRecreation/SpacRecreationGameStart/SpacRecreationGame/Saved/Config/Windows/Scalability.ini]
[2021.11.15-22.30.25:067][  0]LogConfig: Setting CVar [[foliage.DensityScale:1.0]]
[2021.11.15-22.30.25:067][  0]LogConfig: Setting CVar [[grass.DensityScale:1.0]]
[2021.11.15-22.30.25:067][  0]LogConfig: Applying CVar settings from Section [ShadingQuality@3] File [D:/UE Projects/SpacPrisonRecreation/SpacRecreationGameStart/SpacRecreationGame/Saved/Config/Windows/Scalability.ini]
[2021.11.15-22.30.25:067][  0]LogConfig: Setting CVar [[r.HairStrands.SkyLighting.IntegrationType:2]]
[2021.11.15-22.30.25:067][  0]LogConfig: Setting CVar [[r.HairStrands.SkyAO.SampleCount:4]]
[2021.11.15-22.30.25:067][  0]LogConfig: Setting CVar [[r.HairStrands.Visibility.MSAA.SamplePerPixel:4]]
[2021.11.15-22.30.25:067][  0]LogConfig: Applying CVar settings from Section [Startup] File [../../../Engine/Config/ConsoleVariables.ini]
[2021.11.15-22.30.25:068][  0]LogConfig: Setting CVar [[net.UseAdaptiveNetUpdateFrequency:0]]
[2021.11.15-22.30.25:068][  0]LogConfig: Setting CVar [[p.chaos.AllowCreatePhysxBodies:1]]
[2021.11.15-22.30.25:068][  0]LogConfig: Setting CVar [[fx.SkipVectorVMBackendOptimizations:1]]
[2021.11.15-22.30.25:068][  0]LogConfig: Applying CVar settings from Section [ConsoleVariables] File [D:/UE Projects/SpacPrisonRecreation/SpacRecreationGameStart/SpacRecreationGame/Saved/Config/Windows/Engine.ini]
[2021.11.15-22.30.25:068][  0]LogConfig: Applying CVar settings from Section [ConsoleVariables] File [D:/UE Projects/SpacPrisonRecreation/SpacRecreationGameStart/SpacRecreationGame/Saved/Config/Windows/Editor.ini]
[2021.11.15-22.30.25:068][  0]LogInit: Computer: LAPTOP-RECUJC0O
[2021.11.15-22.30.25:068][  0]LogInit: User: soren
[2021.11.15-22.30.25:068][  0]LogInit: CPU Page size=4096, Cores=8
[2021.11.15-22.30.25:068][  0]LogInit: High frequency timer resolution =10.000000 MHz
[2021.11.15-22.30.25:068][  0]LogMemory: Memory total: Physical=31.9GB (32GB approx)
[2021.11.15-22.30.25:068][  0]LogMemory: Platform Memory Stats for Windows
[2021.11.15-22.30.25:068][  0]LogMemory: Process Physical Memory: 146.10 MB used, 146.10 MB peak
[2021.11.15-22.30.25:068][  0]LogMemory: Process Virtual Memory: 145.50 MB used, 145.50 MB peak
[2021.11.15-22.30.25:068][  0]LogMemory: Physical Memory: 15713.08 MB used,  16923.23 MB free, 32636.31 MB total
[2021.11.15-22.30.25:068][  0]LogMemory: Virtual Memory: 134203056.00 MB used,  14671.38 MB free, 134217728.00 MB total
[2021.11.15-22.30.25:155][  0]LogWindows: WindowsPlatformFeatures enabled
[2021.11.15-22.30.25:260][  0]LogInit: Physics initialised using underlying interface: PhysX
[2021.11.15-22.30.25:261][  0]LogInit: Using OS detected language (en-US).
[2021.11.15-22.30.25:261][  0]LogInit: Using OS detected locale (en-US).
[2021.11.15-22.30.25:278][  0]LogTextLocalizationManager: No specific localization for 'en-US' exists, so the 'en' localization will be used.
[2021.11.15-22.30.25:493][  0]LogInit: Setting process to per monitor DPI aware
[2021.11.15-22.30.25:579][  0]LogWindowsTextInputMethodSystem: Display: IME system deactivated.
[2021.11.15-22.30.25:599][  0]LogSlate: New Slate User Created.  User Index 0, Is Virtual User: 0
[2021.11.15-22.30.25:599][  0]LogSlate: Slate User Registered.  User Index 0, Is Virtual User: 0
[2021.11.15-22.30.25:848][  0]LogD3D11RHI: Loaded GFSDK_Aftermath_Lib.x64.dll
[2021.11.15-22.30.25:852][  0]LogHMD: Failed to initialize OpenVR with code 110
[2021.11.15-22.30.25:852][  0]LogD3D11RHI: D3D11 min allowed feature level: 11_0
[2021.11.15-22.30.25:852][  0]LogD3D11RHI: D3D11 max allowed feature level: 11_0
[2021.11.15-22.30.25:852][  0]LogD3D11RHI: D3D11 adapters:
[2021.11.15-22.30.25:981][  0]LogD3D11RHI:    0. 'NVIDIA GeForce RTX 3070 Laptop GPU' (Feature Level 11_0)
[2021.11.15-22.30.25:981][  0]LogD3D11RHI:       8044/0/16318 MB DedicatedVideo/DedicatedSystem/SharedSystem, Outputs:1, VendorId:0x10de
[2021.11.15-22.30.25:984][  0]LogD3D11RHI:    1. 'Microsoft Basic Render Driver' (Feature Level 11_0)
[2021.11.15-22.30.25:984][  0]LogD3D11RHI:       0/0/16318 MB DedicatedVideo/DedicatedSystem/SharedSystem, Outputs:0, VendorId:0x1414
[2021.11.15-22.30.25:984][  0]LogD3D11RHI: Chosen D3D11 Adapter:
[2021.11.15-22.30.25:984][  0]LogD3D11RHI:     Description : NVIDIA GeForce RTX 3070 Laptop GPU
[2021.11.15-22.30.25:984][  0]LogD3D11RHI:     VendorId    : 10de
[2021.11.15-22.30.25:984][  0]LogD3D11RHI:     DeviceId    : 24dd
[2021.11.15-22.30.25:984][  0]LogD3D11RHI:     SubSysId    : 3a4f17aa
[2021.11.15-22.30.25:984][  0]LogD3D11RHI:     Revision    : 00a1
[2021.11.15-22.30.25:984][  0]LogD3D11RHI:     DedicatedVideoMemory : 8434745344 bytes
[2021.11.15-22.30.25:984][  0]LogD3D11RHI:     DedicatedSystemMemory : 0 bytes
[2021.11.15-22.30.25:984][  0]LogD3D11RHI:     SharedSystemMemory : 17110824960 bytes
[2021.11.15-22.30.25:984][  0]LogD3D11RHI:     AdapterLuid : 0 1788062934
[2021.11.15-22.30.26:031][  0]LogD3D11RHI: Creating new Direct3DDevice
[2021.11.15-22.30.26:031][  0]LogD3D11RHI:     GPU DeviceId: 0x24dd (for the marketing name, search the web for "GPU Device Id")
[2021.11.15-22.30.26:031][  0]LogWindows: EnumDisplayDevices:
[2021.11.15-22.30.26:031][  0]LogWindows:    0. 'NVIDIA GeForce RTX 3070 Laptop GPU' (P:1 D:1)
[2021.11.15-22.30.26:032][  0]LogWindows:    1. 'NVIDIA GeForce RTX 3070 Laptop GPU' (P:0 D:0)
[2021.11.15-22.30.26:032][  0]LogWindows:    2. 'NVIDIA GeForce RTX 3070 Laptop GPU' (P:0 D:0)
[2021.11.15-22.30.26:032][  0]LogWindows:    3. 'NVIDIA GeForce RTX 3070 Laptop GPU' (P:0 D:0)
[2021.11.15-22.30.26:032][  0]LogWindows: DebugString: FoundDriverCount:4 
[2021.11.15-22.30.26:032][  0]LogD3D11RHI:     Adapter Name: NVIDIA GeForce RTX 3070 Laptop GPU
[2021.11.15-22.30.26:032][  0]LogD3D11RHI:   Driver Version: 472.19 (internal:30.0.14.7219, unified:472.19)
[2021.11.15-22.30.26:032][  0]LogD3D11RHI:      Driver Date: 9-23-2021
[2021.11.15-22.30.26:032][  0]LogRHI: Texture pool is 5630 MB (70% of 8044 MB)
[2021.11.15-22.30.26:032][  0]LogD3D11RHI: Creating D3DDevice using adapter:
[2021.11.15-22.30.26:032][  0]LogD3D11RHI:     Description : NVIDIA GeForce RTX 3070 Laptop GPU
[2021.11.15-22.30.26:032][  0]LogD3D11RHI:     VendorId    : 10de
[2021.11.15-22.30.26:032][  0]LogD3D11RHI:     DeviceId    : 24dd
[2021.11.15-22.30.26:032][  0]LogD3D11RHI:     SubSysId    : 3a4f17aa
[2021.11.15-22.30.26:032][  0]LogD3D11RHI:     Revision    : 00a1
[2021.11.15-22.30.26:032][  0]LogD3D11RHI:     DedicatedVideoMemory : 8434745344 bytes
[2021.11.15-22.30.26:032][  0]LogD3D11RHI:     DedicatedSystemMemory : 0 bytes
[2021.11.15-22.30.26:032][  0]LogD3D11RHI:     SharedSystemMemory : 17110824960 bytes
[2021.11.15-22.30.26:033][  0]LogD3D11RHI:     AdapterLuid : 0 1788062934
[2021.11.15-22.30.26:100][  0]LogD3D11RHI: RHI has support for 64 bit atomics
[2021.11.15-22.30.26:101][  0]LogD3D11RHI: Async texture creation enabled
[2021.11.15-22.30.26:101][  0]LogD3D11RHI: Array index from any shader is supported
[2021.11.15-22.30.26:103][  0]LogD3D11RHI: HDR output is supported on display 0 (NvId: 0x80061086).
[2021.11.15-22.30.26:123][  0]LogD3D11RHI: GPU Timing Frequency: 1000.000000 (Debug: 2 1)
[2021.11.15-22.30.26:172][  0]LogRHI: GeForceNow SDK initialized: 1
[2021.11.15-22.30.26:754][  0]LogTargetPlatformManager: Display: Loaded TargetPlatform 'AllDesktop'
[2021.11.15-22.30.26:775][  0]LogTargetPlatformManager: Display: Loaded TargetPlatform 'Android'
[2021.11.15-22.30.26:775][  0]LogTargetPlatformManager: Display: Loaded TargetPlatform 'Android_ASTC'
[2021.11.15-22.30.26:775][  0]LogTargetPlatformManager: Display: Loaded TargetPlatform 'Android_DXT'
[2021.11.15-22.30.26:775][  0]LogTargetPlatformManager: Display: Loaded TargetPlatform 'Android_ETC2'
[2021.11.15-22.30.26:775][  0]LogTargetPlatformManager: Display: Loaded TargetPlatform 'AndroidClient'
[2021.11.15-22.30.26:775][  0]LogTargetPlatformManager: Display: Loaded TargetPlatform 'Android_ASTCClient'
[2021.11.15-22.30.26:775][  0]LogTargetPlatformManager: Display: Loaded TargetPlatform 'Android_DXTClient'
[2021.11.15-22.30.26:775][  0]LogTargetPlatformManager: Display: Loaded TargetPlatform 'Android_ETC2Client'
[2021.11.15-22.30.26:775][  0]LogTargetPlatformManager: Display: Loaded TargetPlatform 'Android_Multi'
[2021.11.15-22.30.26:775][  0]LogTargetPlatformManager: Display: Loaded TargetPlatform 'Android_MultiClient'
[2021.11.15-22.30.26:797][  0]LogTargetPlatformManager: Display: Loaded TargetPlatform 'IOSClient'
[2021.11.15-22.30.26:797][  0]LogTargetPlatformManager: Display: Loaded TargetPlatform 'IOS'
[2021.11.15-22.30.26:808][  0]LogTargetPlatformManager: Display: Loaded TargetPlatform 'Linux'
[2021.11.15-22.30.26:814][  0]LogTargetPlatformManager: Display: Loaded TargetPlatform 'LinuxNoEditor'
[2021.11.15-22.30.26:820][  0]LogTargetPlatformManager: Display: Loaded TargetPlatform 'LinuxClient'
[2021.11.15-22.30.26:827][  0]LogTargetPlatformManager: Display: Loaded TargetPlatform 'LinuxServer'
[2021.11.15-22.30.26:838][  0]LogTargetPlatformManager: Display: Loaded TargetPlatform 'LinuxAArch64NoEditor'
[2021.11.15-22.30.26:844][  0]LogTargetPlatformManager: Display: Loaded TargetPlatform 'LinuxAArch64Client'
[2021.11.15-22.30.26:849][  0]LogTargetPlatformManager: Display: Loaded TargetPlatform 'LinuxAArch64Server'
[2021.11.15-22.30.26:872][  0]LogTargetPlatformManager: Display: Loaded TargetPlatform 'Lumin'
[2021.11.15-22.30.26:872][  0]LogTargetPlatformManager: Display: Loaded TargetPlatform 'LuminClient'
[2021.11.15-22.30.26:881][  0]LogTargetPlatformManager: Display: Loaded TargetPlatform 'MacNoEditor'
[2021.11.15-22.30.26:888][  0]LogTargetPlatformManager: Display: Loaded TargetPlatform 'Mac'
[2021.11.15-22.30.26:894][  0]LogTargetPlatformManager: Display: Loaded TargetPlatform 'MacClient'
[2021.11.15-22.30.26:900][  0]LogTargetPlatformManager: Display: Loaded TargetPlatform 'MacServer'
[2021.11.15-22.30.26:910][  0]LogTargetPlatformManager: Display: Loaded TargetPlatform 'TVOSClient'
[2021.11.15-22.30.26:910][  0]LogTargetPlatformManager: Display: Loaded TargetPlatform 'TVOS'
[2021.11.15-22.30.26:919][  0]LogTargetPlatformManager: Display: Loaded TargetPlatform 'WindowsNoEditor'
[2021.11.15-22.30.26:925][  0]LogTargetPlatformManager: Display: Loaded TargetPlatform 'Windows'
[2021.11.15-22.30.26:931][  0]LogTargetPlatformManager: Display: Loaded TargetPlatform 'WindowsClient'
[2021.11.15-22.30.26:936][  0]LogTargetPlatformManager: Display: Loaded TargetPlatform 'WindowsServer'
[2021.11.15-22.30.26:936][  0]LogTargetPlatformManager: Display: Building Assets For Windows
[2021.11.15-22.30.26:951][  0]LogAudioDebug: Display: Lib vorbis DLL was dynamically loaded.
[2021.11.15-22.30.27:009][  0]LogTextureFormatOodle: Display: Oodle Texture 2.9.0 init RDO Off
[2021.11.15-22.30.27:065][  0]LogRendererCore: Ray tracing is disabled. Reason: r.RayTracing=0.
[2021.11.15-22.30.27:065][  0]LogShaderCompilers: Guid format shader working directory is -46 characters bigger than the processId version (../../../../../UE Projects/SpacPrisonRecreation/SpacRecreationGameStart/SpacRecreationGame/Intermediate/Shaders/WorkingDirectory/199952/).
[2021.11.15-22.30.27:065][  0]LogShaderCompilers: Cleaned the shader compiler working directory 'C:/Users/soren/AppData/Local/Temp/UnrealShaderWorkingDir/517993ED447CBD49DB3D61BFD7A835DA/'.
[2021.11.15-22.30.27:065][  0]LogXGEController: Cannot use XGE Controller as Incredibuild is not installed on this machine.
[2021.11.15-22.30.27:065][  0]LogShaderCompilers: Cannot use XGE Shader Compiler as Incredibuild is not installed on this machine.
[2021.11.15-22.30.27:066][  0]LogShaderCompilers: Display: Using Local Shader Compiler.
[2021.11.15-22.30.27:760][  0]LogDerivedDataCache: Display: Max Cache Size: 512 MB
[2021.11.15-22.30.27:832][  0]LogDerivedDataCache: Loaded boot cache 0.07s 94MB C:/Users/soren/AppData/Local/UnrealEngine/4.27/DerivedDataCache/Boot.ddc.
[2021.11.15-22.30.27:832][  0]LogDerivedDataCache: Display: Loaded Boot cache: C:/Users/soren/AppData/Local/UnrealEngine/4.27/DerivedDataCache/Boot.ddc
[2021.11.15-22.30.27:832][  0]LogDerivedDataCache: FDerivedDataBackendGraph:  Pak pak cache file ../../../../../UE Projects/SpacPrisonRecreation/SpacRecreationGameStart/SpacRecreationGame/DerivedDataCache/DDC.ddp not found, will not use a pak cache.
[2021.11.15-22.30.27:832][  0]LogDerivedDataCache: Unable to find inner node Pak for hierarchical cache Hierarchy.
[2021.11.15-22.30.27:832][  0]LogDerivedDataCache: FDerivedDataBackendGraph:  CompressedPak pak cache file ../../../../../UE Projects/SpacPrisonRecreation/SpacRecreationGameStart/SpacRecreationGame/DerivedDataCache/Compressed.ddp not found, will not use a pak cache.
[2021.11.15-22.30.27:832][  0]LogDerivedDataCache: Unable to find inner node CompressedPak for hierarchical cache Hierarchy.
[2021.11.15-22.30.27:849][  0]LogDerivedDataCache: Display: Pak cache opened for reading ../../../Engine/DerivedDataCache/Compressed.ddp.
[2021.11.15-22.30.27:849][  0]LogDerivedDataCache: FDerivedDataBackendGraph:  EnterprisePak pak cache file ../../../Enterprise/DerivedDataCache/Compressed.ddp not found, will not use a pak cache.
[2021.11.15-22.30.27:849][  0]LogDerivedDataCache: Unable to find inner node EnterprisePak for hierarchical cache Hierarchy.
[2021.11.15-22.30.27:860][  0]LogDerivedDataCache: Speed tests for C:/Users/soren/AppData/Local/UnrealEngine/Common/DerivedDataCache took 0.01 seconds
[2021.11.15-22.30.27:860][  0]LogDerivedDataCache: Display: Performance to C:/Users/soren/AppData/Local/UnrealEngine/Common/DerivedDataCache: Latency=0.16ms. RandomReadSpeed=291.80MBs, RandomWriteSpeed=159.36MBs. Assigned SpeedClass 'Local'
[2021.11.15-22.30.27:861][  0]LogDerivedDataCache: Using Local data cache path C:/Users/soren/AppData/Local/UnrealEngine/Common/DerivedDataCache: Writable
[2021.11.15-22.30.27:861][  0]LogDerivedDataCache: Shared data cache path not found in *engine.ini, will not use an Shared cache.
[2021.11.15-22.30.27:861][  0]LogDerivedDataCache: Unable to find inner node Shared for hierarchical cache Hierarchy.
[2021.11.15-22.30.27:898][  0]LogSlate: Using FreeType 2.10.0
[2021.11.15-22.30.27:900][  0]LogSlate: SlateFontServices - WITH_FREETYPE: 1, WITH_HARFBUZZ: 1
[2021.11.15-22.30.27:927][  0]LogAssetRegistry: FAssetRegistry took 0.0023 seconds to start up
[2021.11.15-22.30.28:183][  0]LogInit: Selected Device Profile: [Windows]
[2021.11.15-22.30.28:183][  0]LogInit: Active device profile: [000002792FCB2C00][000002792F53D0C0 49] Windows
[2021.11.15-22.30.28:183][  0]LogInit: Profiles: [000002792FCB2C00][000002792F53D0C0 49] Windows, [000002792FC55E00][000002792F545380 49] WindowsNoEditor, [000002792FCB0800][000002792F549640 49] WindowsServer, [000002792FC55000][000002792F54D900 49] WindowsClient, [000002792FCB1600][000002792F551BC0 49] IOS, [000002792FC57100][000002792F554300 49] iPadAir, [000002792FCB1000][000002792F5585C0 49] iPadAir2, [000002792FC05300][000002792F56CB00 49] IPadPro, [000002792FC05400][000002792F55CB40 49] iPadAir3, [000002792FC57A00][000002792F540DC0 49] iPadAir4, [000002792FC06200][000002792F561080 49] iPadMini2, [000002792FC55600][000002792F569340 49] iPadMini3, [000002792FC06E00][000002792F571600 49] iPadMini4, [000002792FC56000][000002792F5758C0 49] iPadMini5, [000002792FC0CD00][000002792F588280 49] iPhone6, [000002792FC0CE00][000002792F5782C0 49] iPodTouch6, [000002792FCB1B00][000002792F590800 49] iPhone7, [000002792FCB1A00][000002792F580840 49] iPodTouch7, [000002792FC05800][000002792F584B00 49] iPhone5S, [000002792FC05B00][000002792F564D80 49] iPhone6Plus, [000002792FC0FE00][000002792F57D000 49] iPhone6S, [000002792FC04700][000002792F5952C0 49] iPhone6SPlus, [000002792FC0F300][000002792F599580 49] iPhone7Plus, [000002792FC05100][000002792F59D840 49] iPhoneSE, [000002792FC0C500][000002792F5A1B00 49] iPhone8, [000002792FC04400][000002792F5A4240 49] iPhone8Plus, [000002792FC0D000][000002792F5A8500 49] iPhoneX, [000002792FC05D00][000002792F5AC7C0 49] iPhoneXS, [000002792FC0E300][000002792F5B0A80 49] iPhoneXSMax, [000002792FC05F00][000002792F5B4D40 49] iPhoneXR, [000002792FC0E700][000002792F58CFC0 49] iPhone11, [000002792FCB2A00][000002792F5B9240 49] iPhone11Pro, [000002792FC0F900][0000027930823500 49] iPhone11ProMax, [000002792FCB2500][00000279308277C0 49] iPhoneSE2, [000002792FC0C300][000002793082BA80 49] iPhone12Mini, [000002792FCB3700][000002793082E1C0 49] iPhone12, [000002792FC0EE00][0000027930832480 49] iPhone12Pro, [000002792FCB0C00][0000027930836740 49] iPhone12ProMax, [000002792FC0D300][000002793083AA00 49] iPadPro105, [000002792FCB1E00][000002793083ECC0 49] iPadPro129, [000002792FC0EA00][0000027930842F80 49] iPadPro97, [000002792FCB3300][000002792F5BD200 49] iPadPro2_129, [000002792FC0FC00][0000027930847480 49] iPad5, [000002792FCB3B00][000002793084F740 49] iPad6, [000002792FC0DD00][0000027930853A00 49] iPad7, [000002792FCB0100][0000027930856140 49] iPad8, [000002792FC0F600][000002793085A400 49] iPadPro11, [000002792FCB2200][000002793085E6C0 49] iPadPro2_11, [000002792FC0C200][0000027930862980 49] iPadPro3_129, [000002792FCB0900][0000027930866C40 49] iPadPro4_129, [000002792FC0F200][000002793086AF00 49] AppleTV, [000002792FCB3600][000002793086F1C0 49] AppleTV4K, [000002792FC0E000][000002793084B440 49] TVOS, [000002792FCB3500][00000279308736C0 49] Mac, [000002792FC0FF00][000002793087F980 49] MacClient, [000002792FCB0B00][00000279308820C0 49] MacNoEditor, [000002792FC0C800][0000027930886380 49] MacServer, [000002792FCB3E00][000002793088A640 49] Linux, [000002792FC0DF00][000002793088E900 49] LinuxAArch64, [000002792FCB0F00][0000027930892BC0 49] LinuxNoEditor, [000002792FC0C400][0000027930896E80 49] LinuxAArch64NoEditor, [000002792FCB2700][000002793089B140 49] LinuxClient, [000002792FC0ED00][000002793089F400 49] LinuxAArch64Client, [000002792FCB1200][000002793087B680 49] LinuxServer, [000002792FC0D800][00000279308A3900 49] LinuxAArch64Server, [000002792FCB3200][00000279308ABBC0 49] Android, [000002792FC0CF00][00000279308AE300 49] Android_Low, [000002792FCB2F00][00000279308B25C0 49] Android_Mid, [000002792FC0FD00][00000279308B6880 49] Android_High, [000002792FCB3A00][00000279308BAB40 49] Android_Default, [000002792FC0DB00][00000279308BEE00 49] Android_Adreno4xx, [000002792FCB2600][00000279308C30C0 49] Android_Adreno5xx_Low, [000002792FC0E800][00000279308C7380 49] Android_Adreno5xx, [000002792FCB1D00][00000279308CB640 49] Android_Adreno6xx, [000002792FC0C900][00000279308A78C0 49] Android_Adreno6xx_Vulkan, [000002792FC07A00][00000279308CFB40 49] Android_Mali_T6xx, [000002792FC55800][00000279308D6280 49] Android_Mali_T7xx, [000002792FC07700][00000279308DA540 49] Android_Mali_T8xx, [000002792FC56F00][00000279308DE800 49] Android_Mali_G71, [000002792FC05A00][00000279308E2AC0 49] Android_Mali_G72, [000002792FC56600][00000279308E6D80 49] Android_Mali_G72_Vulkan, [000002792FC04A00][00000279308EB040 49] Android_Mali_G76, [000002792FC57F00][00000279308EF300 49] Android_Mali_G76_Vulkan, [000002792FC06C00][00000279308F35C0 49] Android_Mali_G77, [000002792FC57400][00000279308F7880 49] Android_Mali_G77_Vulkan, [000002792FC06400][00000279308D3B00 49] Android_Mali_G78, [000002792FC56D00][00000279308FA200 49] Android_Mali_G78_Vulkan, [000002792FC04600][00000279309024C0 49] Android_Mali_G710, [000002792FC55300][0000027930906780 49] Android_Mali_G710_Vulkan, [000002792FC07F00][000002793090AA40 49] Android_Vulkan_SM5, [000002792FC54800][000002793090ED00 49] Android_PowerVR_G6xxx, [000002792FC05200][0000027930912FC0 49] Android_PowerVR_GT7xxx, [000002792FC54300][0000027930917280 49] Android_PowerVR_GE8xxx, [000002792FC06300][000002793091B540 49] Android_PowerVR_GM9xxx, [000002792FC56200][000002793091F800 49] Android_PowerVR_GM9xxx_Vulkan, [000002792FC07500][0000027930923AC0 49] Android_TegraK1, [000002792FC55C00][00000279308FE1C0 49] Android_Unknown_Vulkan, [000002792FC06100][0000027930926440 49] Lumin, [000002792FC56500][000002793092E700 49] Lumin_Desktop, [000002792FC07400][00000279309329C0 49] HoloLens, 
[2021.11.15-22.30.28:335][  0]LogMeshReduction: Using QuadricMeshReduction for automatic static mesh reduction
[2021.11.15-22.30.28:335][  0]LogMeshReduction: Using SimplygonMeshReduction for automatic skeletal mesh reduction
[2021.11.15-22.30.28:335][  0]LogMeshReduction: Using ProxyLODMeshReduction for automatic mesh merging
[2021.11.15-22.30.28:335][  0]LogMeshReduction: No distributed automatic mesh merging module available
[2021.11.15-22.30.28:336][  0]LogMeshMerging: No distributed automatic mesh merging module available
[2021.11.15-22.30.28:356][  0]LogNetVersion: SpacRecreationGame 1.0.0, NetCL: 17155196, EngineNetVer: 17, GameNetVer: 0 (Checksum: 2096367286)
[2021.11.15-22.30.28:772][  0]LogTexture: Default maximum texture size for cubemaps generated from long-lat sources has been changed from 512 to unlimited. In order to preserve old behaiour for '/Engine/MapTemplates/Sky/DaylightAmbientCubemap.DaylightAmbientCubemap', its maximum texture size has been explicitly set to 512.
[2021.11.15-22.30.28:824][  0]LogHMD: PokeAHoleMaterial loaded successfully
[2021.11.15-22.30.28:830][  0]LogUObjectArray: 17178 objects as part of root set at end of initial load.
[2021.11.15-22.30.28:830][  0]LogUObjectAllocator: 4301856 out of 0 bytes used by permanent object pool.
[2021.11.15-22.30.28:830][  0]LogUObjectArray: CloseDisregardForGC: 0/0 objects in disregard for GC pool
[2021.11.15-22.30.29:137][  0]LogNiagaraDebuggerClient: Niagara Debugger Client Initialized | Session: BF9EC95B40E05688236531BA33C7407C | Instance: B803BBF748A29A4CF745ED9AB6D62F75 (LAPTOP-RECUJC0O-199952).
[2021.11.15-22.30.29:455][  0]LogImageWrapper: Warning: PNG Warning: Duplicate iCCP chunk
[2021.11.15-22.30.29:455][  0]LogImageWrapper: Warning: PNG Warning: Duplicate iCCP chunk
[2021.11.15-22.30.29:486][  0]LogTcpMessaging: Initializing TcpMessaging bridge
[2021.11.15-22.30.29:493][  0]LogUdpMessaging: Initializing bridge on interface 0.0.0.0:0 to multicast group 230.0.0.1:6666.
[2021.11.15-22.30.29:528][  0]LogPython: Using Python 3.7.7
[2021.11.15-22.30.30:230][  0]SourceControl: Source control is disabled
[2021.11.15-22.30.30:231][  0]SourceControl: Source control is disabled
[2021.11.15-22.30.30:255][  0]SourceControl: Source control is disabled
[2021.11.15-22.30.30:261][  0]SourceControl: Source control is disabled
[2021.11.15-22.30.30:278][  0]SourceControl: Source control is disabled
[2021.11.15-22.30.30:304][  0]LogUProjectInfo: Found projects:
[2021.11.15-22.30.30:313][  0]LogVSAccessor: Display: Unable to create Visual Studio setup instance: 80040154
[2021.11.15-22.30.30:313][  0]LogVSAccessor: Display: Unable to create Visual Studio setup instance: 80040154
[2021.11.15-22.30.30:313][  0]LogVSAccessor: Display: Unable to create Visual Studio setup instance: 80040154
[2021.11.15-22.30.30:644][  0]LogAndroidPermission: UAndroidPermissionCallbackProxy::GetInstance
[2021.11.15-22.30.30:665][  0]LogAudioCaptureCore: Display: No Audio Capture implementations found. Audio input will be silent.
[2021.11.15-22.30.30:665][  0]LogAudioCaptureCore: Display: No Audio Capture implementations found. Audio input will be silent.
[2021.11.15-22.30.30:745][  0]LogOpenImageDenoise: OIDN starting up
[2021.11.15-22.30.30:885][  0]LogCollectionManager: Loaded 0 collections in 0.001578 seconds
[2021.11.15-22.30.30:919][  0]LogFileCache: Scanning file cache for directory 'D:/UE Projects/SpacPrisonRecreation/SpacRecreationGameStart/SpacRecreationGame/Saved/Collections/' took 0.00s
[2021.11.15-22.30.30:919][  0]LogFileCache: Scanning file cache for directory 'D:/UE Projects/SpacPrisonRecreation/SpacRecreationGameStart/SpacRecreationGame/Content/Developers/soren/Collections/' took 0.00s
[2021.11.15-22.30.30:919][  0]LogFileCache: Scanning file cache for directory 'D:/UE Projects/SpacPrisonRecreation/SpacRecreationGameStart/SpacRecreationGame/Content/Collections/' took 0.00s
[2021.11.15-22.30.30:919][  0]LogOcInput: OculusInput pre-init called
[2021.11.15-22.30.31:145][  0]LogImageWrapper: Warning: PNG Warning: Duplicate iCCP chunk
[2021.11.15-22.30.31:145][  0]LogImageWrapper: Warning: PNG Warning: Duplicate iCCP chunk
[2021.11.15-22.30.31:145][  0]LogEngine: Initializing Engine...
[2021.11.15-22.30.31:152][  0]LogHMD: Failed to enumerate extensions. Please check that you have a valid OpenXR runtime installed.
[2021.11.15-22.30.31:153][  0]LogHMD: Failed to initialize OpenVR with code 110
[2021.11.15-22.30.31:153][  0]LogMagicLeap: Warning: VR disabled because ZI is not enabled.  To enable, in the editor, Edit -> Project Settings -> Plugins -> Magic Leap Plugin -> Enable Zero Iteration
[2021.11.15-22.30.31:155][  0]LogStats: UGameplayTagsManager::InitializeManager -  0.001 s
[2021.11.15-22.30.31:268][  0]LogInit: Initializing FReadOnlyCVARCache
[2021.11.15-22.30.31:282][  0]LogAIModule: Creating AISystem for world Untitled
[2021.11.15-22.30.31:282][  0]LogAudio: Display: Initializing Audio Device Manager...
[2021.11.15-22.30.31:288][  0]LogAudio: Display: Loading Default Audio Settings Objects...
[2021.11.15-22.30.31:289][  0]LogAudio: Display: No default SoundConcurrencyObject specified (or failed to load).
[2021.11.15-22.30.31:289][  0]LogAudio: Display: Audio Device Manager Initialized
[2021.11.15-22.30.31:289][  0]LogAudio: Display: Creating Audio Device:                 Id: 1, Scope: Shared, Realtime: True
[2021.11.15-22.30.31:289][  0]LogAudioMixer: Display: Audio Mixer Platform Settings:
[2021.11.15-22.30.31:289][  0]LogAudioMixer: Display: 	Sample Rate:						  48000
[2021.11.15-22.30.31:289][  0]LogAudioMixer: Display: 	Callback Buffer Frame Size Requested: 1024
[2021.11.15-22.30.31:289][  0]LogAudioMixer: Display: 	Callback Buffer Frame Size To Use:	  1024
[2021.11.15-22.30.31:289][  0]LogAudioMixer: Display: 	Number of buffers to queue:			  2
[2021.11.15-22.30.31:289][  0]LogAudioMixer: Display: 	Max Channels (voices):				  32
[2021.11.15-22.30.31:290][  0]LogAudioMixer: Display: 	Number of Async Source Workers:		  0
[2021.11.15-22.30.31:290][  0]LogAudio: Display: AudioDevice MaxSources: 32
[2021.11.15-22.30.31:290][  0]LogAudio: Display: Audio Spatialization Plugin: None (built-in).
[2021.11.15-22.30.31:290][  0]LogAudio: Display: Audio Reverb Plugin: None (built-in).
[2021.11.15-22.30.31:290][  0]LogAudio: Display: Audio Occlusion Plugin: None (built-in).
[2021.11.15-22.30.31:290][  0]LogAudioMixer: Display: Initializing audio mixer.
[2021.11.15-22.30.31:404][  0]LogAudioMixer: Display: 0: FrontLeft
[2021.11.15-22.30.31:404][  0]LogAudioMixer: Display: 1: FrontRight
[2021.11.15-22.30.31:609][  0]LogAudioMixer: Display: Using Audio Device Headphones (Realtek(R) Audio)
[2021.11.15-22.30.31:612][  0]LogAudioMixer: Display: Initializing Sound Submixes...
[2021.11.15-22.30.31:616][  0]LogAudioMixer: Display: Creating Master Submix 'MasterSubmixDefault'
[2021.11.15-22.30.31:616][  0]LogAudioMixer: Display: Creating Master Submix 'MasterReverbSubmixDefault'
[2021.11.15-22.30.31:617][  0]LogAudioMixer: Display: Creating Master Submix 'MasterEQSubmixDefault'
[2021.11.15-22.30.31:617][  0]LogAudioMixer: FMixerPlatformXAudio2::StartAudioStream() called
[2021.11.15-22.30.31:617][  0]LogAudioMixer: Display: Output buffers initialized: Frames=1024, Channels=2, Samples=2048
[2021.11.15-22.30.31:619][  0]LogAudioMixer: Display: Starting AudioMixerPlatformInterface::RunInternal()
[2021.11.15-22.30.31:619][  0]LogAudioMixer: Display: FMixerPlatformXAudio2::SubmitBuffer() called for the first time
[2021.11.15-22.30.31:619][  0]LogInit: FAudioDevice initialized.
[2021.11.15-22.30.31:619][  0]LogAudio: Display: Audio Device (ID: 1) registered with world 'Untitled'.
[2021.11.15-22.30.31:619][  0]LogNetVersion: Set ProjectVersion to 1.0.0.0. Version Checksum will be recalculated on next use.
[2021.11.15-22.30.31:665][  0]LogDerivedDataCache: Saved boot cache 0.05s 94MB C:/Users/soren/AppData/Local/UnrealEngine/4.27/DerivedDataCache/Boot.ddc.
[2021.11.15-22.30.31:668][  0]LogInit: Texture streaming: Enabled
[2021.11.15-22.30.31:689][  0]LogAnalytics: Display: [UEEditor.Rocket.Release] APIServer = https://datarouter.ol.epicgames.com/. AppVersion = 4.27.1-17735300+++UE4+Release-4.27
[2021.11.15-22.30.31:696][  0]LogEngineSessionManager: EngineSessionManager initialized
[2021.11.15-22.30.31:696][  0]LogEditorSessionSummary: Verbose: Initializing EditorSessionSummaryWriter for editor session tracking
[2021.11.15-22.30.31:701][  0]LogEditorSessionSummary: EditorSessionSummaryWriter initialized
[2021.11.15-22.30.31:776][  0]LogInit: Transaction tracking system initialized
[2021.11.15-22.30.31:817][  0]BlueprintLog: New page: Editor Load
[2021.11.15-22.30.31:930][  0]LocalizationService: Localization service is disabled
[2021.11.15-22.30.31:976][  0]TimingProfiler: Initialize
[2021.11.15-22.30.31:977][  0]TimingProfiler: OnSessionChanged
[2021.11.15-22.30.31:977][  0]LoadingProfiler: Initialize
[2021.11.15-22.30.31:977][  0]LoadingProfiler: OnSessionChanged
[2021.11.15-22.30.31:978][  0]NetworkingProfiler: Initialize
[2021.11.15-22.30.31:978][  0]NetworkingProfiler: OnSessionChanged
[2021.11.15-22.30.31:978][  0]MemoryProfiler: Initialize
[2021.11.15-22.30.31:978][  0]MemoryProfiler: OnSessionChanged
[2021.11.15-22.30.32:067][  0]LogVSAccessor: Display: Unable to create Visual Studio setup instance: 80040154
[2021.11.15-22.30.32:068][  0]LogVSAccessor: Display: Unable to create Visual Studio setup instance: 80040154
[2021.11.15-22.30.32:068][  0]LogVSAccessor: Display: Unable to create Visual Studio setup instance: 80040154
[2021.11.15-22.30.32:161][  0]LogCook: Display: CookSettings for Memory: MemoryMaxUsedVirtual 0MiB, MemoryMaxUsedPhysical 16384MiB, MemoryMinFreeVirtual 0MiB, MemoryMinFreePhysical 1024MiB
[2021.11.15-22.30.32:162][  0]LogCook: Display: Mobile HDR setting 1
[2021.11.15-22.30.32:455][  0]LogFileCache: Scanning file cache for directory 'D:/UE Projects/SpacPrisonRecreation/SpacRecreationGameStart/SpacRecreationGame/Content/' took 0.01s
[2021.11.15-22.30.32:595][  0]LogImageWrapper: Warning: PNG Warning: Duplicate iCCP chunk
[2021.11.15-22.30.32:595][  0]LogImageWrapper: Warning: PNG Warning: Duplicate iCCP chunk
[2021.11.15-22.30.32:595][  0]LogInit: Display: Engine is initialized. Leaving FEngineLoop::Init()
[2021.11.15-22.30.32:602][  0]SourceControl: Source control is disabled
[2021.11.15-22.30.32:602][  0]LogUnrealEdMisc: Loading editor; pre map load, took 9.465
[2021.11.15-22.30.32:602][  0]Cmd: MAP LOAD FILE="../../../Engine/Content/Maps/Templates/Template_Default.umap" TEMPLATE=1 SHOWPROGRESS=1 FEATURELEVEL=3
[2021.11.15-22.30.32:603][  0]LightingResults: New page: Lighting Build
[2021.11.15-22.30.32:605][  0]LogWorld: UWorld::CleanupWorld for Untitled, bSessionEnded=true, bCleanupResources=true
[2021.11.15-22.30.32:605][  0]LogSlate: InvalidateAllWidgets triggered.  All widgets were invalidated
[2021.11.15-22.30.32:605][  0]MapCheck: New page: Map Check
[2021.11.15-22.30.32:605][  0]LightingResults: New page: Lighting Build
[2021.11.15-22.30.32:609][  0]LogAudio: Display: Audio Device unregistered from world 'None'.
[2021.11.15-22.30.32:611][  0]LogUObjectHash: Compacting FUObjectHashTables data took   0.76ms
[2021.11.15-22.30.32:661][  0]LogTexture: Display: Building textures: DeprecatedTextureEB9CBE3C423008B5E8E130901E171C89 (BGRA8, 128X128)
[2021.11.15-22.30.32:668][  0]LogAudio: Display: Audio Device (ID: 1) registered with world 'Untitled_1'.
[2021.11.15-22.30.32:668][  0]LogAIModule: Creating AISystem for world Untitled_1
[2021.11.15-22.30.32:672][  0]LogEditorServer: Finished looking for orphan Actors (0.000 secs)
[2021.11.15-22.30.32:677][  0]LogUObjectHash: Compacting FUObjectHashTables data took   0.71ms
[2021.11.15-22.30.32:677][  0]Cmd: MAP CHECKDEP NOCLEARLOG
[2021.11.15-22.30.32:677][  0]MapCheck: Map check complete: 0 Error(s), 0 Warning(s), took 0.189ms to complete.
[2021.11.15-22.30.32:677][  0]LogFileHelpers: Loading map 'Template_Default' took 0.075
[2021.11.15-22.30.32:690][  0]LogUnrealEdMisc: Total Editor Startup Time, took 9.553
[2021.11.15-22.30.32:877][  0]LogSlate: Updating window title bar state: overlay mode, drag disabled, window buttons hidden, title bar hidden
[2021.11.15-22.30.32:883][  0]LogSlate: Updating window title bar state: overlay mode, drag disabled, window buttons hidden, title bar hidden
[2021.11.15-22.30.32:888][  0]LogSlate: Updating window title bar state: overlay mode, drag disabled, window buttons hidden, title bar hidden
[2021.11.15-22.30.32:893][  0]LogSlate: Updating window title bar state: overlay mode, drag disabled, window buttons hidden, title bar hidden
[2021.11.15-22.30.32:909][  0]LogNativeClassHierarchy: Verbose: Native class hierarchy populated in 0.0094 seconds. Added 3822 classes and 928 folders.
[2021.11.15-22.30.32:913][  0]LogNativeClassHierarchy: Verbose: Native class hierarchy updated for 'WidgetCarousel' in 0.0003 seconds. Added 0 classes and 0 folders.
[2021.11.15-22.30.32:917][  0]LogPakFile: PakFile PrimaryIndexSize=187
[2021.11.15-22.30.32:917][  0]LogPakFile: PakFile PathHashIndexSize=101
[2021.11.15-22.30.32:917][  0]LogPakFile: PakFile FullDirectoryIndexSize=148
[2021.11.15-22.30.32:917][  0]LogShaderLibrary: Display: ShaderCodeLibraryPakFileMountedCallback: PakFile 'D:/Unreal/UE_4.27/FeaturePacks/FP_FirstPerson.upack' (chunk index -1, root 'root:/') mounted
[2021.11.15-22.30.32:917][  0]LogShaderLibrary: Display: ShaderCodeLibraryPakFileMountedCallback: pending pak file info (ChunkID:-1 Root:root:/ File:D:/Unreal/UE_4.27/FeaturePacks/FP_FirstPerson.upack)
[2021.11.15-22.30.32:917][  0]LogPakFile: OnPakFileMounted2Time == 0.000051
[2021.11.15-22.30.32:924][  0]LogPakFile: PakFile PrimaryIndexSize=189
[2021.11.15-22.30.32:924][  0]LogPakFile: PakFile PathHashIndexSize=101
[2021.11.15-22.30.32:924][  0]LogPakFile: PakFile FullDirectoryIndexSize=152
[2021.11.15-22.30.32:924][  0]LogShaderLibrary: Display: ShaderCodeLibraryPakFileMountedCallback: PakFile 'D:/Unreal/UE_4.27/FeaturePacks/FP_FirstPersonBP.upack' (chunk index -1, root 'root:/') mounted
[2021.11.15-22.30.32:924][  0]LogShaderLibrary: Display: ShaderCodeLibraryPakFileMountedCallback: pending pak file info (ChunkID:-1 Root:root:/ File:D:/Unreal/UE_4.27/FeaturePacks/FP_FirstPersonBP.upack)
[2021.11.15-22.30.32:924][  0]LogPakFile: OnPakFileMounted2Time == 0.000036
[2021.11.15-22.30.32:925][  0]LogPakFile: PakFile PrimaryIndexSize=191
[2021.11.15-22.30.32:926][  0]LogPakFile: PakFile PathHashIndexSize=101
[2021.11.15-22.30.32:926][  0]LogPakFile: PakFile FullDirectoryIndexSize=160
[2021.11.15-22.30.32:926][  0]LogShaderLibrary: Display: ShaderCodeLibraryPakFileMountedCallback: PakFile 'D:/Unreal/UE_4.27/FeaturePacks/MobileStarterContent.upack' (chunk index -1, root 'root:/') mounted
[2021.11.15-22.30.32:926][  0]LogShaderLibrary: Display: ShaderCodeLibraryPakFileMountedCallback: pending pak file info (ChunkID:-1 Root:root:/ File:D:/Unreal/UE_4.27/FeaturePacks/MobileStarterContent.upack)
[2021.11.15-22.30.32:926][  0]LogPakFile: OnPakFileMounted2Time == 0.000028
[2021.11.15-22.30.32:927][  0]LogPakFile: PakFile PrimaryIndexSize=185
[2021.11.15-22.30.32:927][  0]LogPakFile: PakFile PathHashIndexSize=101
[2021.11.15-22.30.32:927][  0]LogPakFile: PakFile FullDirectoryIndexSize=148
[2021.11.15-22.30.32:927][  0]LogShaderLibrary: Display: ShaderCodeLibraryPakFileMountedCallback: PakFile 'D:/Unreal/UE_4.27/FeaturePacks/StarterContent.upack' (chunk index -1, root 'root:/') mounted
[2021.11.15-22.30.32:927][  0]LogShaderLibrary: Display: ShaderCodeLibraryPakFileMountedCallback: pending pak file info (ChunkID:-1 Root:root:/ File:D:/Unreal/UE_4.27/FeaturePacks/StarterContent.upack)
[2021.11.15-22.30.32:927][  0]LogPakFile: OnPakFileMounted2Time == 0.000028
[2021.11.15-22.30.32:928][  0]LogPakFile: PakFile PrimaryIndexSize=190
[2021.11.15-22.30.32:928][  0]LogPakFile: PakFile PathHashIndexSize=101
[2021.11.15-22.30.32:928][  0]LogPakFile: PakFile FullDirectoryIndexSize=154
[2021.11.15-22.30.32:928][  0]LogShaderLibrary: Display: ShaderCodeLibraryPakFileMountedCallback: PakFile 'D:/Unreal/UE_4.27/FeaturePacks/TP_2DSideScroller.upack' (chunk index -1, root 'root:/') mounted
[2021.11.15-22.30.32:928][  0]LogShaderLibrary: Display: ShaderCodeLibraryPakFileMountedCallback: pending pak file info (ChunkID:-1 Root:root:/ File:D:/Unreal/UE_4.27/FeaturePacks/TP_2DSideScroller.upack)
[2021.11.15-22.30.32:928][  0]LogPakFile: OnPakFileMounted2Time == 0.000026
[2021.11.15-22.30.32:929][  0]LogPakFile: PakFile PrimaryIndexSize=192
[2021.11.15-22.30.32:929][  0]LogPakFile: PakFile PathHashIndexSize=101
[2021.11.15-22.30.32:929][  0]LogPakFile: PakFile FullDirectoryIndexSize=158
[2021.11.15-22.30.32:929][  0]LogShaderLibrary: Display: ShaderCodeLibraryPakFileMountedCallback: PakFile 'D:/Unreal/UE_4.27/FeaturePacks/TP_2DSideScrollerBP.upack' (chunk index -1, root 'root:/') mounted
[2021.11.15-22.30.32:929][  0]LogShaderLibrary: Display: ShaderCodeLibraryPakFileMountedCallback: pending pak file info (ChunkID:-1 Root:root:/ File:D:/Unreal/UE_4.27/FeaturePacks/TP_2DSideScrollerBP.upack)
[2021.11.15-22.30.32:929][  0]LogPakFile: OnPakFileMounted2Time == 0.000025
[2021.11.15-22.30.32:930][  0]LogPakFile: PakFile PrimaryIndexSize=182
[2021.11.15-22.30.32:930][  0]LogPakFile: PakFile PathHashIndexSize=101
[2021.11.15-22.30.32:930][  0]LogPakFile: PakFile FullDirectoryIndexSize=138
[2021.11.15-22.30.32:930][  0]LogShaderLibrary: Display: ShaderCodeLibraryPakFileMountedCallback: PakFile 'D:/Unreal/UE_4.27/FeaturePacks/TP_Flying.upack' (chunk index -1, root 'root:/') mounted
[2021.11.15-22.30.32:930][  0]LogShaderLibrary: Display: ShaderCodeLibraryPakFileMountedCallback: pending pak file info (ChunkID:-1 Root:root:/ File:D:/Unreal/UE_4.27/FeaturePacks/TP_Flying.upack)
[2021.11.15-22.30.32:930][  0]LogPakFile: OnPakFileMounted2Time == 0.000027
[2021.11.15-22.30.32:931][  0]LogPakFile: PakFile PrimaryIndexSize=184
[2021.11.15-22.30.32:931][  0]LogPakFile: PakFile PathHashIndexSize=101
[2021.11.15-22.30.32:931][  0]LogPakFile: PakFile FullDirectoryIndexSize=142
[2021.11.15-22.30.32:931][  0]LogShaderLibrary: Display: ShaderCodeLibraryPakFileMountedCallback: PakFile 'D:/Unreal/UE_4.27/FeaturePacks/TP_FlyingBP.upack' (chunk index -1, root 'root:/') mounted
[2021.11.15-22.30.32:931][  0]LogShaderLibrary: Display: ShaderCodeLibraryPakFileMountedCallback: pending pak file info (ChunkID:-1 Root:root:/ File:D:/Unreal/UE_4.27/FeaturePacks/TP_FlyingBP.upack)
[2021.11.15-22.30.32:931][  0]LogPakFile: OnPakFileMounted2Time == 0.000031
[2021.11.15-22.30.32:932][  0]LogPakFile: PakFile PrimaryIndexSize=188
[2021.11.15-22.30.32:932][  0]LogPakFile: PakFile PathHashIndexSize=101
[2021.11.15-22.30.32:932][  0]LogPakFile: PakFile FullDirectoryIndexSize=150
[2021.11.15-22.30.32:932][  0]LogShaderLibrary: Display: ShaderCodeLibraryPakFileMountedCallback: PakFile 'D:/Unreal/UE_4.27/FeaturePacks/TP_HandheldARBP.upack' (chunk index -1, root 'root:/') mounted
[2021.11.15-22.30.32:932][  0]LogShaderLibrary: Display: ShaderCodeLibraryPakFileMountedCallback: pending pak file info (ChunkID:-1 Root:root:/ File:D:/Unreal/UE_4.27/FeaturePacks/TP_HandheldARBP.upack)
[2021.11.15-22.30.32:932][  0]LogPakFile: OnPakFileMounted2Time == 0.000026
[2021.11.15-22.30.32:934][  0]LogPakFile: PakFile PrimaryIndexSize=182
[2021.11.15-22.30.32:934][  0]LogPakFile: PakFile PathHashIndexSize=101
[2021.11.15-22.30.32:934][  0]LogPakFile: PakFile FullDirectoryIndexSize=138
[2021.11.15-22.30.32:934][  0]LogShaderLibrary: Display: ShaderCodeLibraryPakFileMountedCallback: PakFile 'D:/Unreal/UE_4.27/FeaturePacks/TP_Puzzle.upack' (chunk index -1, root 'root:/') mounted
[2021.11.15-22.30.32:934][  0]LogShaderLibrary: Display: ShaderCodeLibraryPakFileMountedCallback: pending pak file info (ChunkID:-1 Root:root:/ File:D:/Unreal/UE_4.27/FeaturePacks/TP_Puzzle.upack)
[2021.11.15-22.30.32:934][  0]LogPakFile: OnPakFileMounted2Time == 0.000029
[2021.11.15-22.30.32:935][  0]LogPakFile: PakFile PrimaryIndexSize=184
[2021.11.15-22.30.32:935][  0]LogPakFile: PakFile PathHashIndexSize=101
[2021.11.15-22.30.32:935][  0]LogPakFile: PakFile FullDirectoryIndexSize=142
[2021.11.15-22.30.32:935][  0]LogShaderLibrary: Display: ShaderCodeLibraryPakFileMountedCallback: PakFile 'D:/Unreal/UE_4.27/FeaturePacks/TP_PuzzleBP.upack' (chunk index -1, root 'root:/') mounted
[2021.11.15-22.30.32:935][  0]LogShaderLibrary: Display: ShaderCodeLibraryPakFileMountedCallback: pending pak file info (ChunkID:-1 Root:root:/ File:D:/Unreal/UE_4.27/FeaturePacks/TP_PuzzleBP.upack)
[2021.11.15-22.30.32:935][  0]LogPakFile: OnPakFileMounted2Time == 0.000028
[2021.11.15-22.30.32:936][  0]LogPakFile: PakFile PrimaryIndexSize=183
[2021.11.15-22.30.32:936][  0]LogPakFile: PakFile PathHashIndexSize=101
[2021.11.15-22.30.32:936][  0]LogPakFile: PakFile FullDirectoryIndexSize=140
[2021.11.15-22.30.32:936][  0]LogShaderLibrary: Display: ShaderCodeLibraryPakFileMountedCallback: PakFile 'D:/Unreal/UE_4.27/FeaturePacks/TP_Rolling.upack' (chunk index -1, root 'root:/') mounted
[2021.11.15-22.30.32:936][  0]LogShaderLibrary: Display: ShaderCodeLibraryPakFileMountedCallback: pending pak file info (ChunkID:-1 Root:root:/ File:D:/Unreal/UE_4.27/FeaturePacks/TP_Rolling.upack)
[2021.11.15-22.30.32:936][  0]LogPakFile: OnPakFileMounted2Time == 0.000026
[2021.11.15-22.30.32:937][  0]LogPakFile: PakFile PrimaryIndexSize=185
[2021.11.15-22.30.32:937][  0]LogPakFile: PakFile PathHashIndexSize=101
[2021.11.15-22.30.32:937][  0]LogPakFile: PakFile FullDirectoryIndexSize=144
[2021.11.15-22.30.32:937][  0]LogShaderLibrary: Display: ShaderCodeLibraryPakFileMountedCallback: PakFile 'D:/Unreal/UE_4.27/FeaturePacks/TP_RollingBP.upack' (chunk index -1, root 'root:/') mounted
[2021.11.15-22.30.32:937][  0]LogShaderLibrary: Display: ShaderCodeLibraryPakFileMountedCallback: pending pak file info (ChunkID:-1 Root:root:/ File:D:/Unreal/UE_4.27/FeaturePacks/TP_RollingBP.upack)
[2021.11.15-22.30.32:937][  0]LogPakFile: OnPakFileMounted2Time == 0.000024
[2021.11.15-22.30.32:938][  0]LogPakFile: PakFile PrimaryIndexSize=188
[2021.11.15-22.30.32:938][  0]LogPakFile: PakFile PathHashIndexSize=101
[2021.11.15-22.30.32:938][  0]LogPakFile: PakFile FullDirectoryIndexSize=150
[2021.11.15-22.30.32:938][  0]LogShaderLibrary: Display: ShaderCodeLibraryPakFileMountedCallback: PakFile 'D:/Unreal/UE_4.27/FeaturePacks/TP_SideScroller.upack' (chunk index -1, root 'root:/') mounted
[2021.11.15-22.30.32:938][  0]LogShaderLibrary: Display: ShaderCodeLibraryPakFileMountedCallback: pending pak file info (ChunkID:-1 Root:root:/ File:D:/Unreal/UE_4.27/FeaturePacks/TP_SideScroller.upack)
[2021.11.15-22.30.32:938][  0]LogPakFile: OnPakFileMounted2Time == 0.000025
[2021.11.15-22.30.32:940][  0]LogPakFile: PakFile PrimaryIndexSize=190
[2021.11.15-22.30.32:940][  0]LogPakFile: PakFile PathHashIndexSize=101
[2021.11.15-22.30.32:940][  0]LogPakFile: PakFile FullDirectoryIndexSize=154
[2021.11.15-22.30.32:940][  0]LogShaderLibrary: Display: ShaderCodeLibraryPakFileMountedCallback: PakFile 'D:/Unreal/UE_4.27/FeaturePacks/TP_SideScrollerBP.upack' (chunk index -1, root 'root:/') mounted
[2021.11.15-22.30.32:940][  0]LogShaderLibrary: Display: ShaderCodeLibraryPakFileMountedCallback: pending pak file info (ChunkID:-1 Root:root:/ File:D:/Unreal/UE_4.27/FeaturePacks/TP_SideScrollerBP.upack)
[2021.11.15-22.30.32:940][  0]LogPakFile: OnPakFileMounted2Time == 0.000032
[2021.11.15-22.30.32:941][  0]LogPakFile: PakFile PrimaryIndexSize=187
[2021.11.15-22.30.32:941][  0]LogPakFile: PakFile PathHashIndexSize=101
[2021.11.15-22.30.32:941][  0]LogPakFile: PakFile FullDirectoryIndexSize=148
[2021.11.15-22.30.32:941][  0]LogShaderLibrary: Display: ShaderCodeLibraryPakFileMountedCallback: PakFile 'D:/Unreal/UE_4.27/FeaturePacks/TP_ThirdPerson.upack' (chunk index -1, root 'root:/') mounted
[2021.11.15-22.30.32:941][  0]LogShaderLibrary: Display: ShaderCodeLibraryPakFileMountedCallback: pending pak file info (ChunkID:-1 Root:root:/ File:D:/Unreal/UE_4.27/FeaturePacks/TP_ThirdPerson.upack)
[2021.11.15-22.30.32:941][  0]LogPakFile: OnPakFileMounted2Time == 0.000037
[2021.11.15-22.30.32:942][  0]LogPakFile: PakFile PrimaryIndexSize=189
[2021.11.15-22.30.32:942][  0]LogPakFile: PakFile PathHashIndexSize=101
[2021.11.15-22.30.32:942][  0]LogPakFile: PakFile FullDirectoryIndexSize=152
[2021.11.15-22.30.32:942][  0]LogShaderLibrary: Display: ShaderCodeLibraryPakFileMountedCallback: PakFile 'D:/Unreal/UE_4.27/FeaturePacks/TP_ThirdPersonBP.upack' (chunk index -1, root 'root:/') mounted
[2021.11.15-22.30.32:942][  0]LogShaderLibrary: Display: ShaderCodeLibraryPakFileMountedCallback: pending pak file info (ChunkID:-1 Root:root:/ File:D:/Unreal/UE_4.27/FeaturePacks/TP_ThirdPersonBP.upack)
[2021.11.15-22.30.32:942][  0]LogPakFile: OnPakFileMounted2Time == 0.000046
[2021.11.15-22.30.32:943][  0]LogPakFile: PakFile PrimaryIndexSize=183
[2021.11.15-22.30.32:943][  0]LogPakFile: PakFile PathHashIndexSize=101
[2021.11.15-22.30.32:943][  0]LogPakFile: PakFile FullDirectoryIndexSize=140
[2021.11.15-22.30.32:943][  0]LogShaderLibrary: Display: ShaderCodeLibraryPakFileMountedCallback: PakFile 'D:/Unreal/UE_4.27/FeaturePacks/TP_TopDown.upack' (chunk index -1, root 'root:/') mounted
[2021.11.15-22.30.32:943][  0]LogShaderLibrary: Display: ShaderCodeLibraryPakFileMountedCallback: pending pak file info (ChunkID:-1 Root:root:/ File:D:/Unreal/UE_4.27/FeaturePacks/TP_TopDown.upack)
[2021.11.15-22.30.32:943][  0]LogPakFile: OnPakFileMounted2Time == 0.000038
[2021.11.15-22.30.32:945][  0]LogPakFile: PakFile PrimaryIndexSize=185
[2021.11.15-22.30.32:945][  0]LogPakFile: PakFile PathHashIndexSize=101
[2021.11.15-22.30.32:945][  0]LogPakFile: PakFile FullDirectoryIndexSize=144
[2021.11.15-22.30.32:945][  0]LogShaderLibrary: Display: ShaderCodeLibraryPakFileMountedCallback: PakFile 'D:/Unreal/UE_4.27/FeaturePacks/TP_TopDownBP.upack' (chunk index -1, root 'root:/') mounted
[2021.11.15-22.30.32:945][  0]LogShaderLibrary: Display: ShaderCodeLibraryPakFileMountedCallback: pending pak file info (ChunkID:-1 Root:root:/ File:D:/Unreal/UE_4.27/FeaturePacks/TP_TopDownBP.upack)
[2021.11.15-22.30.32:945][  0]LogPakFile: OnPakFileMounted2Time == 0.000027
[2021.11.15-22.30.32:946][  0]LogPakFile: PakFile PrimaryIndexSize=185
[2021.11.15-22.30.32:946][  0]LogPakFile: PakFile PathHashIndexSize=101
[2021.11.15-22.30.32:946][  0]LogPakFile: PakFile FullDirectoryIndexSize=144
[2021.11.15-22.30.32:946][  0]LogShaderLibrary: Display: ShaderCodeLibraryPakFileMountedCallback: PakFile 'D:/Unreal/UE_4.27/FeaturePacks/TP_TwinStick.upack' (chunk index -1, root 'root:/') mounted
[2021.11.15-22.30.32:946][  0]LogShaderLibrary: Display: ShaderCodeLibraryPakFileMountedCallback: pending pak file info (ChunkID:-1 Root:root:/ File:D:/Unreal/UE_4.27/FeaturePacks/TP_TwinStick.upack)
[2021.11.15-22.30.32:946][  0]LogPakFile: OnPakFileMounted2Time == 0.000025
[2021.11.15-22.30.32:947][  0]LogPakFile: PakFile PrimaryIndexSize=187
[2021.11.15-22.30.32:947][  0]LogPakFile: PakFile PathHashIndexSize=101
[2021.11.15-22.30.32:947][  0]LogPakFile: PakFile FullDirectoryIndexSize=148
[2021.11.15-22.30.32:947][  0]LogShaderLibrary: Display: ShaderCodeLibraryPakFileMountedCallback: PakFile 'D:/Unreal/UE_4.27/FeaturePacks/TP_TwinStickBP.upack' (chunk index -1, root 'root:/') mounted
[2021.11.15-22.30.32:947][  0]LogShaderLibrary: Display: ShaderCodeLibraryPakFileMountedCallback: pending pak file info (ChunkID:-1 Root:root:/ File:D:/Unreal/UE_4.27/FeaturePacks/TP_TwinStickBP.upack)
[2021.11.15-22.30.32:947][  0]LogPakFile: OnPakFileMounted2Time == 0.000025
[2021.11.15-22.30.32:948][  0]LogPakFile: PakFile PrimaryIndexSize=183
[2021.11.15-22.30.32:948][  0]LogPakFile: PakFile PathHashIndexSize=101
[2021.11.15-22.30.32:948][  0]LogPakFile: PakFile FullDirectoryIndexSize=140
[2021.11.15-22.30.32:948][  0]LogShaderLibrary: Display: ShaderCodeLibraryPakFileMountedCallback: PakFile 'D:/Unreal/UE_4.27/FeaturePacks/TP_Vehicle.upack' (chunk index -1, root 'root:/') mounted
[2021.11.15-22.30.32:948][  0]LogShaderLibrary: Display: ShaderCodeLibraryPakFileMountedCallback: pending pak file info (ChunkID:-1 Root:root:/ File:D:/Unreal/UE_4.27/FeaturePacks/TP_Vehicle.upack)
[2021.11.15-22.30.32:948][  0]LogPakFile: OnPakFileMounted2Time == 0.000028
[2021.11.15-22.30.32:949][  0]LogPakFile: PakFile PrimaryIndexSize=186
[2021.11.15-22.30.32:949][  0]LogPakFile: PakFile PathHashIndexSize=101
[2021.11.15-22.30.32:949][  0]LogPakFile: PakFile FullDirectoryIndexSize=146
[2021.11.15-22.30.32:949][  0]LogShaderLibrary: Display: ShaderCodeLibraryPakFileMountedCallback: PakFile 'D:/Unreal/UE_4.27/FeaturePacks/TP_VehicleAdv.upack' (chunk index -1, root 'root:/') mounted
[2021.11.15-22.30.32:949][  0]LogShaderLibrary: Display: ShaderCodeLibraryPakFileMountedCallback: pending pak file info (ChunkID:-1 Root:root:/ File:D:/Unreal/UE_4.27/FeaturePacks/TP_VehicleAdv.upack)
[2021.11.15-22.30.32:949][  0]LogPakFile: OnPakFileMounted2Time == 0.000032
[2021.11.15-22.30.32:950][  0]LogPakFile: PakFile PrimaryIndexSize=188
[2021.11.15-22.30.32:950][  0]LogPakFile: PakFile PathHashIndexSize=101
[2021.11.15-22.30.32:950][  0]LogPakFile: PakFile FullDirectoryIndexSize=150
[2021.11.15-22.30.32:950][  0]LogShaderLibrary: Display: ShaderCodeLibraryPakFileMountedCallback: PakFile 'D:/Unreal/UE_4.27/FeaturePacks/TP_VehicleAdvBP.upack' (chunk index -1, root 'root:/') mounted
[2021.11.15-22.30.32:950][  0]LogShaderLibrary: Display: ShaderCodeLibraryPakFileMountedCallback: pending pak file info (ChunkID:-1 Root:root:/ File:D:/Unreal/UE_4.27/FeaturePacks/TP_VehicleAdvBP.upack)
[2021.11.15-22.30.32:950][  0]LogPakFile: OnPakFileMounted2Time == 0.000028
[2021.11.15-22.30.32:951][  0]LogPakFile: PakFile PrimaryIndexSize=185
[2021.11.15-22.30.32:951][  0]LogPakFile: PakFile PathHashIndexSize=101
[2021.11.15-22.30.32:951][  0]LogPakFile: PakFile FullDirectoryIndexSize=144
[2021.11.15-22.30.32:951][  0]LogShaderLibrary: Display: ShaderCodeLibraryPakFileMountedCallback: PakFile 'D:/Unreal/UE_4.27/FeaturePacks/TP_VehicleBP.upack' (chunk index -1, root 'root:/') mounted
[2021.11.15-22.30.32:951][  0]LogShaderLibrary: Display: ShaderCodeLibraryPakFileMountedCallback: pending pak file info (ChunkID:-1 Root:root:/ File:D:/Unreal/UE_4.27/FeaturePacks/TP_VehicleBP.upack)
[2021.11.15-22.30.32:951][  0]LogPakFile: OnPakFileMounted2Time == 0.000032
[2021.11.15-22.30.32:952][  0]LogPakFile: PakFile PrimaryIndexSize=192
[2021.11.15-22.30.32:952][  0]LogPakFile: PakFile PathHashIndexSize=101
[2021.11.15-22.30.32:952][  0]LogPakFile: PakFile FullDirectoryIndexSize=158
[2021.11.15-22.30.32:952][  0]LogShaderLibrary: Display: ShaderCodeLibraryPakFileMountedCallback: PakFile 'D:/Unreal/UE_4.27/FeaturePacks/TP_VirtualRealityBP.upack' (chunk index -1, root 'root:/') mounted
[2021.11.15-22.30.32:953][  0]LogShaderLibrary: Display: ShaderCodeLibraryPakFileMountedCallback: pending pak file info (ChunkID:-1 Root:root:/ File:D:/Unreal/UE_4.27/FeaturePacks/TP_VirtualRealityBP.upack)
[2021.11.15-22.30.32:953][  0]LogPakFile: OnPakFileMounted2Time == 0.000028
[2021.11.15-22.30.33:082][  0]LogNativeClassHierarchy: Verbose: Native class hierarchy updated for 'AddContentDialog' in 0.0003 seconds. Added 0 classes and 0 folders.
[2021.11.15-22.30.33:083][  0]LogNativeClassHierarchy: Verbose: Native class hierarchy updated for 'SceneOutliner' in 0.0002 seconds. Added 2 classes and 0 folders.
[2021.11.15-22.30.33:133][  0]LogSlate: Took 0.000437 seconds to synchronously load lazily loaded font '../../../Engine/Content/Slate/Fonts/Roboto-Regular.ttf' (155K)
[2021.11.15-22.30.33:134][  0]LogSlate: Took 0.000316 seconds to synchronously load lazily loaded font '../../../Engine/Content/Editor/Slate/Fonts/FontAwesome.ttf' (139K)
[2021.11.15-22.30.33:136][  0]LogSlate: Took 0.000453 seconds to synchronously load lazily loaded font '../../../Engine/Content/Slate/Fonts/Roboto-Bold.ttf' (160K)
[2021.11.15-22.30.33:207][  0]LogRenderer: Reallocating scene render targets to support 952x564 Format 10 NumSamples 1 (Frame:1).
[2021.11.15-22.30.33:275][  0]LogNativeClassHierarchy: Verbose: Native class hierarchy updated for 'HierarchicalLODOutliner' in 0.0003 seconds. Added 0 classes and 0 folders.
[2021.11.15-22.30.33:276][  0]LogLoad: (Engine Initialization) Total time: 10.14 seconds
[2021.11.15-22.30.33:276][  0]LogLoad: (Engine Initialization) Total Blueprint compile time: 0.00 seconds
[2021.11.15-22.30.33:323][  0]LogAssetRegistry: Asset discovery search completed in 5.3973 seconds
[2021.11.15-22.30.33:330][  0]LogCollectionManager: Fixed up redirectors for 0 collections in 0.000004 seconds (updated 0 objects)
[2021.11.15-22.30.33:331][  0]LogContentStreaming: Texture pool size now 1000 MB
[2021.11.15-22.30.54:206][244]LogUObjectHash: Compacting FUObjectHashTables data took   0.57ms
[2021.11.15-22.30.54:214][244]LogSlate: Took 0.003593 seconds to synchronously load lazily loaded font '../../../Engine/Content/Slate/Fonts/Roboto-Light.ttf' (167K)
[2021.11.15-22.30.54:259][244]LogAssetEditorSubsystem: Opening Asset editor for World /Game/Maps/VisitorRoom.VisitorRoom
[2021.11.15-22.30.54:259][244]Cmd: MAP LOAD FILE="../../../../../UE Projects/SpacPrisonRecreation/SpacRecreationGameStart/SpacRecreationGame/Content/Maps/VisitorRoom.umap" TEMPLATE=0 SHOWPROGRESS=1 FEATURELEVEL=3
[2021.11.15-22.30.54:259][244]LightingResults: New page: Lighting Build
[2021.11.15-22.30.54:260][244]LoadErrors: New page: Loading map: VisitorRoom.umap
[2021.11.15-22.30.54:300][244]LogWorld: UWorld::CleanupWorld for Untitled_1, bSessionEnded=true, bCleanupResources=true
[2021.11.15-22.30.54:300][244]LogSlate: InvalidateAllWidgets triggered.  All widgets were invalidated
[2021.11.15-22.30.54:300][244]MapCheck: New page: Map Check
[2021.11.15-22.30.54:300][244]LightingResults: New page: Lighting Build
[2021.11.15-22.30.54:303][244]LogAudio: Display: Audio Device unregistered from world 'None'.
[2021.11.15-22.30.54:305][244]LogUObjectHash: Compacting FUObjectHashTables data took   0.64ms
[2021.11.15-22.30.54:305][244]LogAudio: Display: Audio Device (ID: 1) registered with world 'VisitorRoom'.
[2021.11.15-22.30.54:307][244]LogEditorServer: Finished looking for orphan Actors (0.000 secs)
[2021.11.15-22.30.54:307][244]LogAIModule: Creating AISystem for world VisitorRoom
[2021.11.15-22.30.54:312][244]LogUObjectHash: Compacting FUObjectHashTables data took   0.56ms
[2021.11.15-22.30.54:316][244]Cmd: MAP CHECKDEP NOCLEARLOG
[2021.11.15-22.30.54:316][244]MapCheck: Map check complete: 0 Error(s), 0 Warning(s), took 0.138ms to complete.
[2021.11.15-22.30.54:316][244]LogFileHelpers: Loading map 'VisitorRoom' took 0.057
[2021.11.15-22.31.06:558][978]LogUObjectHash: Compacting FUObjectHashTables data took   0.24ms
[2021.11.15-22.31.06:624][978]LogAssetEditorSubsystem: Opening Asset editor for World /Game/Maps/VRBackup.VRBackup
[2021.11.15-22.31.06:624][978]Cmd: MAP LOAD FILE="../../../../../UE Projects/SpacPrisonRecreation/SpacRecreationGameStart/SpacRecreationGame/Content/Maps/VRBackup.umap" TEMPLATE=0 SHOWPROGRESS=1 FEATURELEVEL=3
[2021.11.15-22.31.06:624][978]LightingResults: New page: Lighting Build
[2021.11.15-22.31.06:624][978]LoadErrors: New page: Loading map: VRBackup.umap
[2021.11.15-22.31.06:625][978]LogWorld: UWorld::CleanupWorld for VisitorRoom, bSessionEnded=true, bCleanupResources=true
[2021.11.15-22.31.06:625][978]LogSlate: InvalidateAllWidgets triggered.  All widgets were invalidated
[2021.11.15-22.31.06:625][978]MapCheck: New page: Map Check
[2021.11.15-22.31.06:625][978]LightingResults: New page: Lighting Build
[2021.11.15-22.31.06:629][978]LogAudio: Display: Audio Device unregistered from world 'None'.
[2021.11.15-22.31.06:630][978]LogUObjectHash: Compacting FUObjectHashTables data took   0.63ms
[2021.11.15-22.31.06:631][978]LogAudio: Display: Audio Device (ID: 1) registered with world 'VRBackup'.
[2021.11.15-22.31.06:633][978]LogEditorServer: Finished looking for orphan Actors (0.000 secs)
[2021.11.15-22.31.06:633][978]LogAIModule: Creating AISystem for world VRBackup
[2021.11.15-22.31.06:638][978]LogUObjectHash: Compacting FUObjectHashTables data took   0.55ms
[2021.11.15-22.31.06:641][978]Cmd: MAP CHECKDEP NOCLEARLOG
[2021.11.15-22.31.06:641][978]MapCheck: Map check complete: 0 Error(s), 0 Warning(s), took 0.12ms to complete.
[2021.11.15-22.31.06:641][978]LogFileHelpers: Loading map 'VRBackup' took 0.017
[2021.11.15-22.32.09:066][716]LogUObjectHash: Compacting FUObjectHashTables data took   0.73ms
[2021.11.15-22.32.09:095][716]LogAssetEditorSubsystem: Opening Asset editor for World /Game/Maps/VisitorRoom.VisitorRoom
[2021.11.15-22.32.09:095][716]Cmd: MAP LOAD FILE="../../../../../UE Projects/SpacPrisonRecreation/SpacRecreationGameStart/SpacRecreationGame/Content/Maps/VisitorRoom.umap" TEMPLATE=0 SHOWPROGRESS=1 FEATURELEVEL=3
[2021.11.15-22.32.09:095][716]LightingResults: New page: Lighting Build
[2021.11.15-22.32.09:095][716]LoadErrors: New page: Loading map: VisitorRoom.umap
[2021.11.15-22.32.09:096][716]LogWorld: UWorld::CleanupWorld for VRBackup, bSessionEnded=true, bCleanupResources=true
[2021.11.15-22.32.09:096][716]LogSlate: InvalidateAllWidgets triggered.  All widgets were invalidated
[2021.11.15-22.32.09:096][716]MapCheck: New page: Map Check
[2021.11.15-22.32.09:096][716]LightingResults: New page: Lighting Build
[2021.11.15-22.32.09:100][716]LogAudio: Display: Audio Device unregistered from world 'None'.
[2021.11.15-22.32.09:101][716]LogUObjectHash: Compacting FUObjectHashTables data took   0.65ms
[2021.11.15-22.32.09:101][716]LogAudio: Display: Audio Device (ID: 1) registered with world 'VisitorRoom'.
[2021.11.15-22.32.09:103][716]LogEditorServer: Finished looking for orphan Actors (0.000 secs)
[2021.11.15-22.32.09:103][716]LogAIModule: Creating AISystem for world VisitorRoom
[2021.11.15-22.32.09:109][716]LogUObjectHash: Compacting FUObjectHashTables data took   0.56ms
[2021.11.15-22.32.09:112][716]Cmd: MAP CHECKDEP NOCLEARLOG
[2021.11.15-22.32.09:112][716]MapCheck: Map check complete: 0 Error(s), 0 Warning(s), took 0.131ms to complete.
[2021.11.15-22.32.09:112][716]LogFileHelpers: Loading map 'VisitorRoom' took 0.017
[2021.11.15-22.32.28:916][878]LogUObjectHash: Compacting FUObjectHashTables data took   0.58ms
[2021.11.15-22.32.28:937][878]LogAssetEditorSubsystem: Opening Asset editor for World /Game/Maps/VRBackup.VRBackup
[2021.11.15-22.32.28:937][878]Cmd: MAP LOAD FILE="../../../../../UE Projects/SpacPrisonRecreation/SpacRecreationGameStart/SpacRecreationGame/Content/Maps/VRBackup.umap" TEMPLATE=0 SHOWPROGRESS=1 FEATURELEVEL=3
[2021.11.15-22.32.28:937][878]LightingResults: New page: Lighting Build
[2021.11.15-22.32.28:938][878]LoadErrors: New page: Loading map: VRBackup.umap
[2021.11.15-22.32.28:939][878]LogWorld: UWorld::CleanupWorld for VisitorRoom, bSessionEnded=true, bCleanupResources=true
[2021.11.15-22.32.28:939][878]LogSlate: InvalidateAllWidgets triggered.  All widgets were invalidated
[2021.11.15-22.32.28:939][878]MapCheck: New page: Map Check
[2021.11.15-22.32.28:939][878]LightingResults: New page: Lighting Build
[2021.11.15-22.32.28:943][878]LogAudio: Display: Audio Device unregistered from world 'None'.
[2021.11.15-22.32.28:944][878]LogUObjectHash: Compacting FUObjectHashTables data took   0.63ms
[2021.11.15-22.32.28:944][878]LogAudio: Display: Audio Device (ID: 1) registered with world 'VRBackup'.
[2021.11.15-22.32.28:946][878]LogEditorServer: Finished looking for orphan Actors (0.000 secs)
[2021.11.15-22.32.28:946][878]LogAIModule: Creating AISystem for world VRBackup
[2021.11.15-22.32.28:951][878]LogUObjectHash: Compacting FUObjectHashTables data took   0.58ms
[2021.11.15-22.32.28:954][878]Cmd: MAP CHECKDEP NOCLEARLOG
[2021.11.15-22.32.28:954][878]MapCheck: Map check complete: 0 Error(s), 0 Warning(s), took 0.175ms to complete.
[2021.11.15-22.32.28:955][878]LogFileHelpers: Loading map 'VRBackup' took 0.017
[2021.11.15-22.33.23:931][169]LogEditorViewport: Clicking on Actor (LMB): StaticMeshActor (OutsideFloor)
[2021.11.16-01.34.11:984][565]LogAudioMixer: Display: Audio Buffer Underrun (starvation) detected.
